Using pre-set license
Built from '2023.2/staging' branch; Version is '2023.2.3f1 (21747dafc6ee) revision 2192509'; Using compiler version '193431935'; Build Type 'Release'
OS: 'Windows 10  (10.0.19045) 64bit Core' Language: 'en' Physical Memory: 16295 MB
BatchMode: 1, IsHumanControllingUs: 0, StartBugReporterOnCrash: 0, Is64bit: 1, IsPro: 1

COMMAND LINE ARGUMENTS:
C:\Program Files\Unity\Hub\Editor\2023.2.3f1\Editor\Unity.exe
-adb2
-batchMode
-noUpm
-name
AssetImportWorker0
-projectPath
C:/Users/terra/Dungeon
-logFile
Logs/AssetImportWorker0.log
-srvPort
56520
-job-worker-count
5
-background-job-worker-count
8
-asset-garbage-collectors
1
Successfully changed project path to: C:/Users/terra/Dungeon
C:/Users/terra/Dungeon
[UnityMemory] Configuration Parameters - Can be set up in boot.config
    "memorysetup-bucket-allocator-granularity=16"
    "memorysetup-bucket-allocator-bucket-count=8"
    "memorysetup-bucket-allocator-block-size=33554432"
    "memorysetup-bucket-allocator-block-count=8"
    "memorysetup-main-allocator-block-size=16777216"
    "memorysetup-thread-allocator-block-size=16777216"
    "memorysetup-gfx-main-allocator-block-size=16777216"
    "memorysetup-gfx-thread-allocator-block-size=16777216"
    "memorysetup-cache-allocator-block-size=4194304"
    "memorysetup-typetree-allocator-block-size=2097152"
    "memorysetup-profiler-bucket-allocator-granularity=16"
    "memorysetup-profiler-bucket-allocator-bucket-count=8"
    "memorysetup-profiler-bucket-allocator-block-size=33554432"
    "memorysetup-profiler-bucket-allocator-block-count=8"
    "memorysetup-profiler-allocator-block-size=16777216"
    "memorysetup-profiler-editor-allocator-block-size=1048576"
    "memorysetup-temp-allocator-size-main=16777216"
    "memorysetup-job-temp-allocator-block-size=2097152"
    "memorysetup-job-temp-allocator-block-size-background=1048576"
    "memorysetup-job-temp-allocator-reduction-small-platforms=262144"
    "memorysetup-allocator-temp-initial-block-size-main=262144"
    "memorysetup-allocator-temp-initial-block-size-worker=262144"
    "memorysetup-temp-allocator-size-background-worker=32768"
    "memorysetup-temp-allocator-size-job-worker=262144"
    "memorysetup-temp-allocator-size-preload-manager=33554432"
    "memorysetup-temp-allocator-size-nav-mesh-worker=65536"
    "memorysetup-temp-allocator-size-audio-worker=65536"
    "memorysetup-temp-allocator-size-cloud-worker=32768"
    "memorysetup-temp-allocator-size-gi-baking-worker=262144"
    "memorysetup-temp-allocator-size-gi-baking-worker=262144"
    "memorysetup-temp-allocator-size-gi-baking-worker=262144"
    "memorysetup-temp-allocator-size-gi-baking-worker=262144"
    "memorysetup-temp-allocator-size-gfx=262144"
Player connection [32652] Host "[IP] 158.129.26.131 [Port] 0 [Flags] 2 [Guid] 2668476398 [EditorId] 2668476398 [Version] 1048832 [Id] WindowsEditor(7,LAPTOP-T5A14O5E) [Debug] 1 [PackageName] WindowsEditor [ProjectName] Editor" joined multi-casting on [225.0.0.222:54997]...
Player connection [32652] Host "[IP] 158.129.26.131 [Port] 0 [Flags] 2 [Guid] 2668476398 [EditorId] 2668476398 [Version] 1048832 [Id] WindowsEditor(7,LAPTOP-T5A14O5E) [Debug] 1 [PackageName] WindowsEditor [ProjectName] Editor" joined alternative multi-casting on [225.0.0.222:34997]...
JobSystem: Creating JobQueue using job-worker-count value 5
[Physics::Module] Initialized MultithreadedJobDispatcher with 5 workers.
Library Redirect Path: Library/
Refreshing native plugins compatible for Editor in 3.51 ms, found 5 plugins.
Preloading 0 native plugins for Editor in 0.00 ms.
Initialize engine version: 2023.2.3f1 (21747dafc6ee)
[Subsystems] Discovering subsystems at path C:/Program Files/Unity/Hub/Editor/2023.2.3f1/Editor/Data/Resources/UnitySubsystems
[Subsystems] Discovering subsystems at path C:/Users/terra/Dungeon/Assets
GfxDevice: creating device client; kGfxThreadingModeNonThreaded
Direct3D:
    Version:  Direct3D 11.0 [level 11.1]
    Renderer: NVIDIA GeForce GTX 1660 Ti (ID=0x2191)
    Vendor:   NVIDIA
    VRAM:     5966 MB
    Driver:   31.0.15.5244
Initialize mono
Mono path[0] = 'C:/Program Files/Unity/Hub/Editor/2023.2.3f1/Editor/Data/Managed'
Mono path[1] = 'C:/Program Files/Unity/Hub/Editor/2023.2.3f1/Editor/Data/MonoBleedingEdge/lib/mono/unityjit-win32'
Mono config path = 'C:/Program Files/Unity/Hub/Editor/2023.2.3f1/Editor/Data/MonoBleedingEdge/etc'
Using monoOptions --debugger-agent=transport=dt_socket,embedding=1,server=y,suspend=n,address=127.0.0.1:56532
Begin MonoManager ReloadAssembly
C:\build\output\Unity-Technologies\mono\mono\metadata\icall.c:1842:
C:\build\output\Unity-Technologies\mono\mono\metadata\icall.c:1842:
C:\build\output\Unity-Technologies\mono\mono\metadata\icall.c:1842:
C:\build\output\Unity-Technologies\mono\mono\metadata\icall.c:1842:
C:\build\output\Unity-Technologies\mono\mono\metadata\icall.c:1842:
C:\build\output\Unity-Technologies\mono\mono\metadata\icall.c:1842:
C:\build\output\Unity-Technologies\mono\mono\metadata\icall.c:1842:
C:\build\output\Unity-Technologies\mono\mono\metadata\icall.c:1842:
C:\build\output\Unity-Technologies\mono\mono\metadata\icall.c:1842:
C:\build\output\Unity-Technologies\mono\mono\metadata\icall.c:1842:
Registering precompiled unity dll's ...
Register platform support module: C:/Program Files/Unity/Hub/Editor/2023.2.3f1/Editor/Data/PlaybackEngines/WindowsStandaloneSupport/UnityEditor.WindowsStandalone.Extensions.dll
Registered in 0.004807 seconds.
- Loaded All Assemblies, in  0.580 seconds
Native extension for WindowsStandalone target not found
Mono: successfully reloaded assembly
C:\build\output\Unity-Technologies\mono\mono\metadata\icall.c:1842:
C:\build\output\Unity-Technologies\mono\mono\metadata\icall.c:1842:
- Finished resetting the current domain, in  0.496 seconds
Domain Reload Profiling: 1071ms
	BeginReloadAssembly (198ms)
		ExecutionOrderSort (0ms)
		DisableScriptedObjects (0ms)
		BackupInstance (0ms)
		ReleaseScriptingObjects (0ms)
		CreateAndSetChildDomain (1ms)
	RebuildCommonClasses (55ms)
	RebuildNativeTypeToScriptingClass (18ms)
	initialDomainReloadingComplete (73ms)
	LoadAllAssembliesAndSetupDomain (230ms)
		LoadAssemblies (193ms)
		RebuildTransferFunctionScriptingTraits (0ms)
		AnalyzeDomain (227ms)
			TypeCache.Refresh (225ms)
				TypeCache.ScanAssembly (208ms)
			BuildScriptInfoCaches (0ms)
			ResolveRequiredComponents (1ms)
	FinalizeReload (496ms)
		ReleaseScriptCaches (0ms)
		RebuildScriptCaches (0ms)
		SetupLoadedEditorAssemblies (432ms)
			LogAssemblyErrors (0ms)
			InitializePlatformSupportModulesInManaged (13ms)
			SetLoadedEditorAssemblies (12ms)
			BeforeProcessingInitializeOnLoad (12ms)
			ProcessInitializeOnLoadAttributes (319ms)
			ProcessInitializeOnLoadMethodAttributes (75ms)
			AfterProcessingInitializeOnLoad (0ms)
			EditorAssembliesLoaded (0ms)
		ExecutionOrderSort2 (0ms)
		AwakeInstancesAfterBackupRestoration (0ms)
========================================================================
Worker process is ready to serve import requests
Import Worker Mode flag is 0x00
Begin MonoManager ReloadAssembly
C:\build\output\Unity-Technologies\mono\mono\metadata\icall.c:1842:
C:\build\output\Unity-Technologies\mono\mono\metadata\icall.c:1842:
C:\build\output\Unity-Technologies\mono\mono\metadata\icall.c:1842:
C:\build\output\Unity-Technologies\mono\mono\metadata\icall.c:1842:
C:\build\output\Unity-Technologies\mono\mono\metadata\icall.c:1842:
C:\build\output\Unity-Technologies\mono\mono\metadata\icall.c:1842:
C:\build\output\Unity-Technologies\mono\mono\metadata\icall.c:1842:
C:\build\output\Unity-Technologies\mono\mono\metadata\icall.c:1842:
C:\build\output\Unity-Technologies\mono\mono\metadata\icall.c:1842:
C:\build\output\Unity-Technologies\mono\mono\metadata\icall.c:1842:
C:\build\output\Unity-Technologies\mono\mono\metadata\icall.c:1842:
C:\build\output\Unity-Technologies\mono\mono\metadata\icall.c:1842:
Symbol file LoadedFromMemory doesn't match image C:\Users\terra\Dungeon\Library\PackageCache\com.unity.visualscripting@1.8.0\Editor\VisualScripting.Core\Dependencies\YamlDotNet\Unity.VisualScripting.YamlDotNet.dll
Symbol file LoadedFromMemory doesn't match image C:\Users\terra\Dungeon\Library\PackageCache\com.unity.visualscripting@1.8.0\Editor\VisualScripting.Core\Dependencies\DotNetZip\Unity.VisualScripting.IonicZip.dll
- Loaded All Assemblies, in  1.406 seconds
Refreshing native plugins compatible for Editor in 2.24 ms, found 5 plugins.
Native extension for WindowsStandalone target not found
System.Reflection.TargetInvocationException: Exception has been thrown by the target of an invocation. ---> System.TypeInitializationException: The type initializer for 'Tripolygon.UModelerX.Editor.Models.UMPropertyDescriptorDefaultMaterial' threw an exception. ---> System.NullReferenceException: Object reference not set to an instance of an object
  at Tripolygon.UModelerX.Editor.Models.UMPropertyDescriptorDefaultMaterial..cctor () [0x00014] in <891383c9341f4e38b97efcfe2445ba87>:0 
   --- End of inner exception stack trace ---
  at (wrapper managed-to-native) System.Object.__icall_wrapper_mono_gc_wbarrier_generic_nostore_internal(intptr)
  at (wrapper write-barrier) System.Object.wbarrier_conc(intptr)
  at (wrapper managed-to-native) System.Reflection.RuntimeConstructorInfo.InternalInvoke(System.Reflection.RuntimeConstructorInfo,object,object[],System.Exception&)
  at System.Reflection.RuntimeConstructorInfo.InternalInvoke (System.Object obj, System.Object[] parameters, System.Boolean wrapExceptions) [0x00005] in <1334a096378c46d2bd2be2db1a37116e>:0 
   --- End of inner exception stack trace ---
  at System.Reflection.RuntimeConstructorInfo.InternalInvoke (System.Object obj, System.Object[] parameters, System.Boolean wrapExceptions) [0x0001a] in <1334a096378c46d2bd2be2db1a37116e>:0 
  at System.Reflection.RuntimeConstructorInfo.DoInvoke (System.Object obj, System.Reflection.BindingFlags invokeAttr, System.Reflection.Binder binder, System.Object[] parameters, System.Globalization.CultureInfo culture) [0x00086] in <1334a096378c46d2bd2be2db1a37116e>:0 
  at System.Reflection.RuntimeConstructorInfo.Invoke (System.Reflection.BindingFlags invokeAttr, System.Reflection.Binder binder, System.Object[] parameters, System.Globalization.CultureInfo culture) [0x00000] in <1334a096378c46d2bd2be2db1a37116e>:0 
  at System.RuntimeType.CreateInstanceImpl (System.Reflection.BindingFlags bindingAttr, System.Reflection.Binder binder, System.Object[] args, System.Globalization.CultureInfo culture, System.Object[] activationAttributes, System.Threading.StackCrawlMark& stackMark) [0x0022b] in <1334a096378c46d2bd2be2db1a37116e>:0 
  at System.Activator.CreateInstance (System.Type type, System.Reflection.BindingFlags bindingAttr, System.Reflection.Binder binder, System.Object[] args, System.Globalization.CultureInfo culture, System.Object[] activationAttributes) [0x0009c] in <1334a096378c46d2bd2be2db1a37116e>:0 
  at System.Activator.CreateInstance (System.Type type, System.Object[] args) [0x00000] in <1334a096378c46d2bd2be2db1a37116e>:0 
  at Tripolygon.UModeler.Models.UMPropertyDescriptor.CreateDescriptor (System.Reflection.PropertyInfo propertyInfo) [0x00067] in <249881c1add04404a20ea65c0a27f157>:0 
  at Tripolygon.UModeler.Models.UMPropertyContext.GetPureDescriptors (System.Object obj) [0x0007e] in <249881c1add04404a20ea65c0a27f157>:0 
UnityEngine.Debug:ExtractStackTraceNoAlloc (byte*,int,string)
UnityEngine.StackTraceUtility:ExtractStackTrace ()
UnityEngine.DebugLogHandler:Internal_Log (UnityEngine.LogType,UnityEngine.LogOption,string,UnityEngine.Object)
UnityEngine.DebugLogHandler:LogFormat (UnityEngine.LogType,UnityEngine.Object,string,object[])
UnityEngine.Logger:Log (UnityEngine.LogType,object)
UnityEngine.Debug:LogError (object)
Tripolygon.UModeler.Models.UMPropertyContext:GetPureDescriptors (object)
Tripolygon.UModeler.Models.UMPropertyContext:GetDescriptors (object)
Tripolygon.UModeler.Models.UMPropertyContext:.ctor (object,Tripolygon.UModeler.Models.IPropertySerializer)
Tripolygon.UModeler.Editor.UI.ApplicationSettings/<>c:<.ctor>b__0_4 (System.Type)
System.Linq.Utilities/<>c__DisplayClass2_0`3<<>f__AnonymousType0`2<System.Reflection.Assembly, System.Type>, System.Type, Tripolygon.UModeler.Models.UMPropertyContext>:<CombineSelectors>b__0 (<>f__AnonymousType0`2<System.Reflection.Assembly, System.Type>)
System.Linq.Enumerable/WhereSelectEnumerableIterator`2<<>f__AnonymousType0`2<System.Reflection.Assembly, System.Type>, Tripolygon.UModeler.Models.UMPropertyContext>:ToArray ()
System.Linq.Enumerable:ToArray<Tripolygon.UModeler.Models.UMPropertyContext> (System.Collections.Generic.IEnumerable`1<Tripolygon.UModeler.Models.UMPropertyContext>)
Tripolygon.UModeler.Editor.UI.ApplicationSettings:.ctor ()
Tripolygon.UModeler.Editor.UI.ApplicationSettingsProvider:.cctor ()
System.Reflection.RuntimeConstructorInfo:InternalInvoke (object,object[],bool)
System.RuntimeType:CreateInstanceMono (bool,bool)
System.RuntimeType:CreateInstanceSlow (bool,bool,bool,bool)
System.RuntimeType:CreateInstanceDefaultCtor (bool,bool,bool,bool,System.Threading.StackCrawlMark&)
System.Activator:CreateInstance (System.Type,bool,bool)
System.Activator:CreateInstance (System.Type,bool)
System.Activator:CreateInstance (System.Type)
Tripolygon.UModeler.UI.ApplicationServiceCollection:.ctor (Tripolygon.UModeler.UI.Application)
Tripolygon.UModeler.UI.Application:.ctor ()
Tripolygon.UModeler.Editor.UI.UnityEditorApplication:.ctor ()
Tripolygon.UModeler.Editor.UI.UnityEditorApplication:.cctor ()
System.Runtime.CompilerServices.RuntimeHelpers:RunClassConstructor (System.RuntimeTypeHandle)
UnityEditor.EditorAssemblies:ProcessInitializeOnLoadAttributes (System.Type[])

System.Reflection.TargetInvocationException: Exception has been thrown by the target of an invocation. ---> System.TypeInitializationException: The type initializer for 'Tripolygon.UModelerX.Editor.Models.UMPropertyDescriptorXRayMaterial' threw an exception. ---> System.NullReferenceException: Object reference not set to an instance of an object
  at Tripolygon.UModelerX.Editor.Models.UMPropertyDescriptorXRayMaterial..cctor () [0x00014] in <891383c9341f4e38b97efcfe2445ba87>:0 
   --- End of inner exception stack trace ---
  at (wrapper managed-to-native) System.Object.__icall_wrapper_mono_gc_wbarrier_generic_nostore_internal(intptr)
  at (wrapper write-barrier) System.Object.wbarrier_conc(intptr)
  at (wrapper managed-to-native) System.Reflection.RuntimeConstructorInfo.InternalInvoke(System.Reflection.RuntimeConstructorInfo,object,object[],System.Exception&)
  at System.Reflection.RuntimeConstructorInfo.InternalInvoke (System.Object obj, System.Object[] parameters, System.Boolean wrapExceptions) [0x00005] in <1334a096378c46d2bd2be2db1a37116e>:0 
   --- End of inner exception stack trace ---
  at System.Reflection.RuntimeConstructorInfo.InternalInvoke (System.Object obj, System.Object[] parameters, System.Boolean wrapExceptions) [0x0001a] in <1334a096378c46d2bd2be2db1a37116e>:0 
  at System.Reflection.RuntimeConstructorInfo.DoInvoke (System.Object obj, System.Reflection.BindingFlags invokeAttr, System.Reflection.Binder binder, System.Object[] parameters, System.Globalization.CultureInfo culture) [0x00086] in <1334a096378c46d2bd2be2db1a37116e>:0 
  at System.Reflection.RuntimeConstructorInfo.Invoke (System.Reflection.BindingFlags invokeAttr, System.Reflection.Binder binder, System.Object[] parameters, System.Globalization.CultureInfo culture) [0x00000] in <1334a096378c46d2bd2be2db1a37116e>:0 
  at System.RuntimeType.CreateInstanceImpl (System.Reflection.BindingFlags bindingAttr, System.Reflection.Binder binder, System.Object[] args, System.Globalization.CultureInfo culture, System.Object[] activationAttributes, System.Threading.StackCrawlMark& stackMark) [0x0022b] in <1334a096378c46d2bd2be2db1a37116e>:0 
  at System.Activator.CreateInstance (System.Type type, System.Reflection.BindingFlags bindingAttr, System.Reflection.Binder binder, System.Object[] args, System.Globalization.CultureInfo culture, System.Object[] activationAttributes) [0x0009c] in <1334a096378c46d2bd2be2db1a37116e>:0 
  at System.Activator.CreateInstance (System.Type type, System.Object[] args) [0x00000] in <1334a096378c46d2bd2be2db1a37116e>:0 
  at Tripolygon.UModeler.Models.UMPropertyDescriptor.CreateDescriptor (System.Reflection.PropertyInfo propertyInfo) [0x00067] in <249881c1add04404a20ea65c0a27f157>:0 
  at Tripolygon.UModeler.Models.UMPropertyContext.GetPureDescriptors (System.Object obj) [0x0007e] in <249881c1add04404a20ea65c0a27f157>:0 
UnityEngine.Debug:ExtractStackTraceNoAlloc (byte*,int,string)
UnityEngine.StackTraceUtility:ExtractStackTrace ()
UnityEngine.DebugLogHandler:Internal_Log (UnityEngine.LogType,UnityEngine.LogOption,string,UnityEngine.Object)
UnityEngine.DebugLogHandler:LogFormat (UnityEngine.LogType,UnityEngine.Object,string,object[])
UnityEngine.Logger:Log (UnityEngine.LogType,object)
UnityEngine.Debug:LogError (object)
Tripolygon.UModeler.Models.UMPropertyContext:GetPureDescriptors (object)
Tripolygon.UModeler.Models.UMPropertyContext:GetDescriptors (object)
Tripolygon.UModeler.Models.UMPropertyContext:.ctor (object,Tripolygon.UModeler.Models.IPropertySerializer)
Tripolygon.UModeler.Editor.UI.ApplicationSettings/<>c:<.ctor>b__0_4 (System.Type)
System.Linq.Utilities/<>c__DisplayClass2_0`3<<>f__AnonymousType0`2<System.Reflection.Assembly, System.Type>, System.Type, Tripolygon.UModeler.Models.UMPropertyContext>:<CombineSelectors>b__0 (<>f__AnonymousType0`2<System.Reflection.Assembly, System.Type>)
System.Linq.Enumerable/WhereSelectEnumerableIterator`2<<>f__AnonymousType0`2<System.Reflection.Assembly, System.Type>, Tripolygon.UModeler.Models.UMPropertyContext>:ToArray ()
System.Linq.Enumerable:ToArray<Tripolygon.UModeler.Models.UMPropertyContext> (System.Collections.Generic.IEnumerable`1<Tripolygon.UModeler.Models.UMPropertyContext>)
Tripolygon.UModeler.Editor.UI.ApplicationSettings:.ctor ()
Tripolygon.UModeler.Editor.UI.ApplicationSettingsProvider:.cctor ()
System.Reflection.RuntimeConstructorInfo:InternalInvoke (object,object[],bool)
System.RuntimeType:CreateInstanceMono (bool,bool)
System.RuntimeType:CreateInstanceSlow (bool,bool,bool,bool)
System.RuntimeType:CreateInstanceDefaultCtor (bool,bool,bool,bool,System.Threading.StackCrawlMark&)
System.Activator:CreateInstance (System.Type,bool,bool)
System.Activator:CreateInstance (System.Type,bool)
System.Activator:CreateInstance (System.Type)
Tripolygon.UModeler.UI.ApplicationServiceCollection:.ctor (Tripolygon.UModeler.UI.Application)
Tripolygon.UModeler.UI.Application:.ctor ()
Tripolygon.UModeler.Editor.UI.UnityEditorApplication:.ctor ()
Tripolygon.UModeler.Editor.UI.UnityEditorApplication:.cctor ()
System.Runtime.CompilerServices.RuntimeHelpers:RunClassConstructor (System.RuntimeTypeHandle)
UnityEditor.EditorAssemblies:ProcessInitializeOnLoadAttributes (System.Type[])

System.NullReferenceException: Object reference not set to an instance of an object
  at Tripolygon.UModelerX.Editor.Models.UMPropertyDescriptorBackfaceMaterial.get_DefaultValuePath () [0x00014] in <891383c9341f4e38b97efcfe2445ba87>:0 
  at Tripolygon.UModeler.Editor.Models.UMPropertyDescriptorMaterial.get_DefaultValue () [0x00008] in <891383c9341f4e38b97efcfe2445ba87>:0 
  at Tripolygon.UModeler.Models.UMPropertyDescriptor.Validate () [0x00000] in <249881c1add04404a20ea65c0a27f157>:0 
  at Tripolygon.UModeler.Models.UMPropertyContext.GetPureDescriptors (System.Object obj) [0x00087] in <249881c1add04404a20ea65c0a27f157>:0 
UnityEngine.Debug:ExtractStackTraceNoAlloc (byte*,int,string)
UnityEngine.StackTraceUtility:ExtractStackTrace ()
UnityEngine.DebugLogHandler:Internal_Log (UnityEngine.LogType,UnityEngine.LogOption,string,UnityEngine.Object)
UnityEngine.DebugLogHandler:LogFormat (UnityEngine.LogType,UnityEngine.Object,string,object[])
UnityEngine.Logger:Log (UnityEngine.LogType,object)
UnityEngine.Debug:LogError (object)
Tripolygon.UModeler.Models.UMPropertyContext:GetPureDescriptors (object)
Tripolygon.UModeler.Models.UMPropertyContext:GetDescriptors (object)
Tripolygon.UModeler.Models.UMPropertyContext:.ctor (object,Tripolygon.UModeler.Models.IPropertySerializer)
Tripolygon.UModeler.Editor.UI.ApplicationSettings/<>c:<.ctor>b__0_4 (System.Type)
System.Linq.Utilities/<>c__DisplayClass2_0`3<<>f__AnonymousType0`2<System.Reflection.Assembly, System.Type>, System.Type, Tripolygon.UModeler.Models.UMPropertyContext>:<CombineSelectors>b__0 (<>f__AnonymousType0`2<System.Reflection.Assembly, System.Type>)
System.Linq.Enumerable/WhereSelectEnumerableIterator`2<<>f__AnonymousType0`2<System.Reflection.Assembly, System.Type>, Tripolygon.UModeler.Models.UMPropertyContext>:ToArray ()
System.Linq.Enumerable:ToArray<Tripolygon.UModeler.Models.UMPropertyContext> (System.Collections.Generic.IEnumerable`1<Tripolygon.UModeler.Models.UMPropertyContext>)
Tripolygon.UModeler.Editor.UI.ApplicationSettings:.ctor ()
Tripolygon.UModeler.Editor.UI.ApplicationSettingsProvider:.cctor ()
System.Reflection.RuntimeConstructorInfo:InternalInvoke (object,object[],bool)
System.RuntimeType:CreateInstanceMono (bool,bool)
System.RuntimeType:CreateInstanceSlow (bool,bool,bool,bool)
System.RuntimeType:CreateInstanceDefaultCtor (bool,bool,bool,bool,System.Threading.StackCrawlMark&)
System.Activator:CreateInstance (System.Type,bool,bool)
System.Activator:CreateInstance (System.Type,bool)
System.Activator:CreateInstance (System.Type)
Tripolygon.UModeler.UI.ApplicationServiceCollection:.ctor (Tripolygon.UModeler.UI.Application)
Tripolygon.UModeler.UI.Application:.ctor ()
Tripolygon.UModeler.Editor.UI.UnityEditorApplication:.ctor ()
Tripolygon.UModeler.Editor.UI.UnityEditorApplication:.cctor ()
System.Runtime.CompilerServices.RuntimeHelpers:RunClassConstructor (System.RuntimeTypeHandle)
UnityEditor.EditorAssemblies:ProcessInitializeOnLoadAttributes (System.Type[])

System.NullReferenceException: Object reference not set to an instance of an object
  at Tripolygon.UModelerX.Editor.Models.UMPropertyDescriptorColorPaintMaterial.get_DefaultValuePath () [0x00014] in <891383c9341f4e38b97efcfe2445ba87>:0 
  at Tripolygon.UModeler.Editor.Models.UMPropertyDescriptorMaterial.get_DefaultValue () [0x00008] in <891383c9341f4e38b97efcfe2445ba87>:0 
  at Tripolygon.UModeler.Models.UMPropertyDescriptor.Validate () [0x00000] in <249881c1add04404a20ea65c0a27f157>:0 
  at Tripolygon.UModeler.Models.UMPropertyContext.GetPureDescriptors (System.Object obj) [0x00087] in <249881c1add04404a20ea65c0a27f157>:0 
UnityEngine.Debug:ExtractStackTraceNoAlloc (byte*,int,string)
UnityEngine.StackTraceUtility:ExtractStackTrace ()
UnityEngine.DebugLogHandler:Internal_Log (UnityEngine.LogType,UnityEngine.LogOption,string,UnityEngine.Object)
UnityEngine.DebugLogHandler:LogFormat (UnityEngine.LogType,UnityEngine.Object,string,object[])
UnityEngine.Logger:Log (UnityEngine.LogType,object)
UnityEngine.Debug:LogError (object)
Tripolygon.UModeler.Models.UMPropertyContext:GetPureDescriptors (object)
Tripolygon.UModeler.Models.UMPropertyContext:GetDescriptors (object)
Tripolygon.UModeler.Models.UMPropertyContext:.ctor (object,Tripolygon.UModeler.Models.IPropertySerializer)
Tripolygon.UModeler.Editor.UI.ApplicationSettings/<>c:<.ctor>b__0_4 (System.Type)
System.Linq.Utilities/<>c__DisplayClass2_0`3<<>f__AnonymousType0`2<System.Reflection.Assembly, System.Type>, System.Type, Tripolygon.UModeler.Models.UMPropertyContext>:<CombineSelectors>b__0 (<>f__AnonymousType0`2<System.Reflection.Assembly, System.Type>)
System.Linq.Enumerable/WhereSelectEnumerableIterator`2<<>f__AnonymousType0`2<System.Reflection.Assembly, System.Type>, Tripolygon.UModeler.Models.UMPropertyContext>:ToArray ()
System.Linq.Enumerable:ToArray<Tripolygon.UModeler.Models.UMPropertyContext> (System.Collections.Generic.IEnumerable`1<Tripolygon.UModeler.Models.UMPropertyContext>)
Tripolygon.UModeler.Editor.UI.ApplicationSettings:.ctor ()
Tripolygon.UModeler.Editor.UI.ApplicationSettingsProvider:.cctor ()
System.Reflection.RuntimeConstructorInfo:InternalInvoke (object,object[],bool)
System.RuntimeType:CreateInstanceMono (bool,bool)
System.RuntimeType:CreateInstanceSlow (bool,bool,bool,bool)
System.RuntimeType:CreateInstanceDefaultCtor (bool,bool,bool,bool,System.Threading.StackCrawlMark&)
System.Activator:CreateInstance (System.Type,bool,bool)
System.Activator:CreateInstance (System.Type,bool)
System.Activator:CreateInstance (System.Type)
Tripolygon.UModeler.UI.ApplicationServiceCollection:.ctor (Tripolygon.UModeler.UI.Application)
Tripolygon.UModeler.UI.Application:.ctor ()
Tripolygon.UModeler.Editor.UI.UnityEditorApplication:.ctor ()
Tripolygon.UModeler.Editor.UI.UnityEditorApplication:.cctor ()
System.Runtime.CompilerServices.RuntimeHelpers:RunClassConstructor (System.RuntimeTypeHandle)
UnityEditor.EditorAssemblies:ProcessInitializeOnLoadAttributes (System.Type[])

System.Reflection.TargetInvocationException: Exception has been thrown by the target of an invocation. ---> System.TypeInitializationException: The type initializer for 'Tripolygon.UModelerX.Editor.Models.UMPropertyDescriptorPaintPreviewMaterial' threw an exception. ---> System.NullReferenceException: Object reference not set to an instance of an object
  at Tripolygon.UModelerX.Editor.Models.UMPropertyDescriptorPaintPreviewMaterial..cctor () [0x00014] in <891383c9341f4e38b97efcfe2445ba87>:0 
   --- End of inner exception stack trace ---
  at (wrapper managed-to-native) System.Object.__icall_wrapper_mono_gc_wbarrier_generic_nostore_internal(intptr)
  at (wrapper write-barrier) System.Object.wbarrier_conc(intptr)
  at (wrapper managed-to-native) System.Reflection.RuntimeConstructorInfo.InternalInvoke(System.Reflection.RuntimeConstructorInfo,object,object[],System.Exception&)
  at System.Reflection.RuntimeConstructorInfo.InternalInvoke (System.Object obj, System.Object[] parameters, System.Boolean wrapExceptions) [0x00005] in <1334a096378c46d2bd2be2db1a37116e>:0 
   --- End of inner exception stack trace ---
  at System.Reflection.RuntimeConstructorInfo.InternalInvoke (System.Object obj, System.Object[] parameters, System.Boolean wrapExceptions) [0x0001a] in <1334a096378c46d2bd2be2db1a37116e>:0 
  at System.Reflection.RuntimeConstructorInfo.DoInvoke (System.Object obj, System.Reflection.BindingFlags invokeAttr, System.Reflection.Binder binder, System.Object[] parameters, System.Globalization.CultureInfo culture) [0x00086] in <1334a096378c46d2bd2be2db1a37116e>:0 
  at System.Reflection.RuntimeConstructorInfo.Invoke (System.Reflection.BindingFlags invokeAttr, System.Reflection.Binder binder, System.Object[] parameters, System.Globalization.CultureInfo culture) [0x00000] in <1334a096378c46d2bd2be2db1a37116e>:0 
  at System.RuntimeType.CreateInstanceImpl (System.Reflection.BindingFlags bindingAttr, System.Reflection.Binder binder, System.Object[] args, System.Globalization.CultureInfo culture, System.Object[] activationAttributes, System.Threading.StackCrawlMark& stackMark) [0x0022b] in <1334a096378c46d2bd2be2db1a37116e>:0 
  at System.Activator.CreateInstance (System.Type type, System.Reflection.BindingFlags bindingAttr, System.Reflection.Binder binder, System.Object[] args, System.Globalization.CultureInfo culture, System.Object[] activationAttributes) [0x0009c] in <1334a096378c46d2bd2be2db1a37116e>:0 
  at System.Activator.CreateInstance (System.Type type, System.Object[] args) [0x00000] in <1334a096378c46d2bd2be2db1a37116e>:0 
  at Tripolygon.UModeler.Models.UMPropertyDescriptor.CreateDescriptor (System.Reflection.PropertyInfo propertyInfo) [0x00067] in <249881c1add04404a20ea65c0a27f157>:0 
  at Tripolygon.UModeler.Models.UMPropertyContext.GetPureDescriptors (System.Object obj) [0x0007e] in <249881c1add04404a20ea65c0a27f157>:0 
UnityEngine.Debug:ExtractStackTraceNoAlloc (byte*,int,string)
UnityEngine.StackTraceUtility:ExtractStackTrace ()
UnityEngine.DebugLogHandler:Internal_Log (UnityEngine.LogType,UnityEngine.LogOption,string,UnityEngine.Object)
UnityEngine.DebugLogHandler:LogFormat (UnityEngine.LogType,UnityEngine.Object,string,object[])
UnityEngine.Logger:Log (UnityEngine.LogType,object)
UnityEngine.Debug:LogError (object)
Tripolygon.UModeler.Models.UMPropertyContext:GetPureDescriptors (object)
Tripolygon.UModeler.Models.UMPropertyContext:GetDescriptors (object)
Tripolygon.UModeler.Models.UMPropertyContext:.ctor (object,Tripolygon.UModeler.Models.IPropertySerializer)
Tripolygon.UModeler.Editor.UI.ApplicationSettings/<>c:<.ctor>b__0_4 (System.Type)
System.Linq.Utilities/<>c__DisplayClass2_0`3<<>f__AnonymousType0`2<System.Reflection.Assembly, System.Type>, System.Type, Tripolygon.UModeler.Models.UMPropertyContext>:<CombineSelectors>b__0 (<>f__AnonymousType0`2<System.Reflection.Assembly, System.Type>)
System.Linq.Enumerable/WhereSelectEnumerableIterator`2<<>f__AnonymousType0`2<System.Reflection.Assembly, System.Type>, Tripolygon.UModeler.Models.UMPropertyContext>:ToArray ()
System.Linq.Enumerable:ToArray<Tripolygon.UModeler.Models.UMPropertyContext> (System.Collections.Generic.IEnumerable`1<Tripolygon.UModeler.Models.UMPropertyContext>)
Tripolygon.UModeler.Editor.UI.ApplicationSettings:.ctor ()
Tripolygon.UModeler.Editor.UI.ApplicationSettingsProvider:.cctor ()
System.Reflection.RuntimeConstructorInfo:InternalInvoke (object,object[],bool)
System.RuntimeType:CreateInstanceMono (bool,bool)
System.RuntimeType:CreateInstanceSlow (bool,bool,bool,bool)
System.RuntimeType:CreateInstanceDefaultCtor (bool,bool,bool,bool,System.Threading.StackCrawlMark&)
System.Activator:CreateInstance (System.Type,bool,bool)
System.Activator:CreateInstance (System.Type,bool)
System.Activator:CreateInstance (System.Type)
Tripolygon.UModeler.UI.ApplicationServiceCollection:.ctor (Tripolygon.UModeler.UI.Application)
Tripolygon.UModeler.UI.Application:.ctor ()
Tripolygon.UModeler.Editor.UI.UnityEditorApplication:.ctor ()
Tripolygon.UModeler.Editor.UI.UnityEditorApplication:.cctor ()
System.Runtime.CompilerServices.RuntimeHelpers:RunClassConstructor (System.RuntimeTypeHandle)
UnityEditor.EditorAssemblies:ProcessInitializeOnLoadAttributes (System.Type[])

Mono: successfully reloaded assembly
- Finished resetting the current domain, in  2.027 seconds
Domain Reload Profiling: 3426ms
	BeginReloadAssembly (502ms)
		ExecutionOrderSort (0ms)
		DisableScriptedObjects (7ms)
		BackupInstance (0ms)
		ReleaseScriptingObjects (0ms)
		CreateAndSetChildDomain (47ms)
	RebuildCommonClasses (60ms)
	RebuildNativeTypeToScriptingClass (25ms)
	initialDomainReloadingComplete (60ms)
	LoadAllAssembliesAndSetupDomain (752ms)
		LoadAssemblies (553ms)
		RebuildTransferFunctionScriptingTraits (0ms)
		AnalyzeDomain (364ms)
			TypeCache.Refresh (327ms)
				TypeCache.ScanAssembly (298ms)
			BuildScriptInfoCaches (28ms)
			ResolveRequiredComponents (5ms)
	FinalizeReload (2028ms)
		ReleaseScriptCaches (0ms)
		RebuildScriptCaches (0ms)
		SetupLoadedEditorAssemblies (1334ms)
			LogAssemblyErrors (0ms)
			InitializePlatformSupportModulesInManaged (3ms)
			SetLoadedEditorAssemblies (5ms)
			BeforeProcessingInitializeOnLoad (68ms)
			ProcessInitializeOnLoadAttributes (1204ms)
			ProcessInitializeOnLoadMethodAttributes (41ms)
			AfterProcessingInitializeOnLoad (14ms)
			EditorAssembliesLoaded (0ms)
		ExecutionOrderSort2 (0ms)
		AwakeInstancesAfterBackupRestoration (21ms)
Launched and connected shader compiler UnityShaderCompiler.exe after 0.02 seconds
Refreshing native plugins compatible for Editor in 5.13 ms, found 5 plugins.
Preloading 0 native plugins for Editor in 0.00 ms.
Unloading 43 Unused Serialized files (Serialized files now loaded: 0)
Unloading 3232 unused Assets / (0.7 MB). Loaded Objects now: 3886.
Memory consumption went from 143.3 MB to 142.7 MB.
Total: 21.143800 ms (FindLiveObjects: 0.624500 ms CreateObjectMapping: 0.845600 ms MarkObjects: 17.788800 ms  DeleteObjects: 1.883000 ms)

========================================================================
Received Import Request.
  Time since last request: 70965.726986 seconds.
  path: Assets/Prefabs/Arrow.prefab
  artifactKey: Guid(df0a3310890335140babbbe0e8de66ce) Importer(815301076,1909f56bfc062723c751e8b465ee728b)
Start importing Assets/Prefabs/Arrow.prefab using Guid(df0a3310890335140babbbe0e8de66ce) Importer(815301076,1909f56bfc062723c751e8b465ee728b) (PreviewImporter) -> (artifact id: '6710c874d2c557ab8d67b3f84fa6ece1') in 0.1791758 seconds
Number of updated asset objects reloaded before import = 0Number of asset objects unloaded after import = 26

========================================================================
Received Import Request.
  Time since last request: 0.000020 seconds.
  path: Assets/Prefabs/ArrowTrap.prefab
  artifactKey: Guid(b213b2098410d5e48afb59c7aa953970) Importer(815301076,1909f56bfc062723c751e8b465ee728b)
Start importing Assets/Prefabs/ArrowTrap.prefab using Guid(b213b2098410d5e48afb59c7aa953970) Importer(815301076,1909f56bfc062723c751e8b465ee728b) (PreviewImporter) -> (artifact id: 'eaf5486bb6457bd7ea8d3b132c4360f8') in 0.0309432 seconds
Number of updated asset objects reloaded before import = 0Number of asset objects unloaded after import = 269

========================================================================
Received Import Request.
  Time since last request: 0.000049 seconds.
  path: Assets/Prefabs/PlayerData.prefab
  artifactKey: Guid(c9155ce533ff53b458aded81f5010c68) Importer(815301076,1909f56bfc062723c751e8b465ee728b)
Start importing Assets/Prefabs/PlayerData.prefab using Guid(c9155ce533ff53b458aded81f5010c68) Importer(815301076,1909f56bfc062723c751e8b465ee728b) (PreviewImporter) -> (artifact id: '93fe86f8d9ae44971a12ac4bc9d04d94') in 0.005892 seconds
Number of updated asset objects reloaded before import = 0Number of asset objects unloaded after import = 5

Editor requested this worker to shutdown with reason: Scaling down because of idle timeout
AssetImportWorker is now disconnected from the server
Process exiting
Exiting without the bug reporter. Application will terminate with return code 0