Using pre-set license
Built from '2023.2/staging' branch; Version is '2023.2.3f1 (21747dafc6ee) revision 2192509'; Using compiler version '193431935'; Build Type 'Release'
OS: 'Windows 10  (10.0.19045) 64bit Core' Language: 'en' Physical Memory: 16295 MB
BatchMode: 1, IsHumanControllingUs: 0, StartBugReporterOnCrash: 0, Is64bit: 1, IsPro: 1

COMMAND LINE ARGUMENTS:
C:\Program Files\Unity\Hub\Editor\2023.2.3f1\Editor\Unity.exe
-adb2
-batchMode
-noUpm
-name
AssetImportWorker0
-projectPath
C:/Users/terra/Dungeon
-logFile
Logs/AssetImportWorker0.log
-srvPort
49636
-job-worker-count
5
-background-job-worker-count
8
-asset-garbage-collectors
1
Successfully changed project path to: C:/Users/terra/Dungeon
C:/Users/terra/Dungeon
[UnityMemory] Configuration Parameters - Can be set up in boot.config
    "memorysetup-bucket-allocator-granularity=16"
    "memorysetup-bucket-allocator-bucket-count=8"
    "memorysetup-bucket-allocator-block-size=33554432"
    "memorysetup-bucket-allocator-block-count=8"
    "memorysetup-main-allocator-block-size=16777216"
    "memorysetup-thread-allocator-block-size=16777216"
    "memorysetup-gfx-main-allocator-block-size=16777216"
    "memorysetup-gfx-thread-allocator-block-size=16777216"
    "memorysetup-cache-allocator-block-size=4194304"
    "memorysetup-typetree-allocator-block-size=2097152"
    "memorysetup-profiler-bucket-allocator-granularity=16"
    "memorysetup-profiler-bucket-allocator-bucket-count=8"
    "memorysetup-profiler-bucket-allocator-block-size=33554432"
    "memorysetup-profiler-bucket-allocator-block-count=8"
    "memorysetup-profiler-allocator-block-size=16777216"
    "memorysetup-profiler-editor-allocator-block-size=1048576"
    "memorysetup-temp-allocator-size-main=16777216"
    "memorysetup-job-temp-allocator-block-size=2097152"
    "memorysetup-job-temp-allocator-block-size-background=1048576"
    "memorysetup-job-temp-allocator-reduction-small-platforms=262144"
    "memorysetup-allocator-temp-initial-block-size-main=262144"
    "memorysetup-allocator-temp-initial-block-size-worker=262144"
    "memorysetup-temp-allocator-size-background-worker=32768"
    "memorysetup-temp-allocator-size-job-worker=262144"
    "memorysetup-temp-allocator-size-preload-manager=33554432"
    "memorysetup-temp-allocator-size-nav-mesh-worker=65536"
    "memorysetup-temp-allocator-size-audio-worker=65536"
    "memorysetup-temp-allocator-size-cloud-worker=32768"
    "memorysetup-temp-allocator-size-gi-baking-worker=262144"
    "memorysetup-temp-allocator-size-gi-baking-worker=262144"
    "memorysetup-temp-allocator-size-gi-baking-worker=262144"
    "memorysetup-temp-allocator-size-gi-baking-worker=262144"
    "memorysetup-temp-allocator-size-gfx=262144"
Player connection [44524] Host "[IP] 158.129.26.131 [Port] 0 [Flags] 2 [Guid] 1223975087 [EditorId] 1223975087 [Version] 1048832 [Id] WindowsEditor(7,LAPTOP-T5A14O5E) [Debug] 1 [PackageName] WindowsEditor [ProjectName] Editor" joined multi-casting on [225.0.0.222:54997]...
Player connection [44524] Host "[IP] 158.129.26.131 [Port] 0 [Flags] 2 [Guid] 1223975087 [EditorId] 1223975087 [Version] 1048832 [Id] WindowsEditor(7,LAPTOP-T5A14O5E) [Debug] 1 [PackageName] WindowsEditor [ProjectName] Editor" joined alternative multi-casting on [225.0.0.222:34997]...
JobSystem: Creating JobQueue using job-worker-count value 5
[Physics::Module] Initialized MultithreadedJobDispatcher with 5 workers.
Library Redirect Path: Library/
Refreshing native plugins compatible for Editor in 5.62 ms, found 5 plugins.
Preloading 0 native plugins for Editor in 0.00 ms.
Initialize engine version: 2023.2.3f1 (21747dafc6ee)
[Subsystems] Discovering subsystems at path C:/Program Files/Unity/Hub/Editor/2023.2.3f1/Editor/Data/Resources/UnitySubsystems
[Subsystems] Discovering subsystems at path C:/Users/terra/Dungeon/Assets
GfxDevice: creating device client; kGfxThreadingModeNonThreaded
Direct3D:
    Version:  Direct3D 11.0 [level 11.1]
    Renderer: NVIDIA GeForce GTX 1660 Ti (ID=0x2191)
    Vendor:   NVIDIA
    VRAM:     5966 MB
    Driver:   31.0.15.5244
Initialize mono
Mono path[0] = 'C:/Program Files/Unity/Hub/Editor/2023.2.3f1/Editor/Data/Managed'
Mono path[1] = 'C:/Program Files/Unity/Hub/Editor/2023.2.3f1/Editor/Data/MonoBleedingEdge/lib/mono/unityjit-win32'
Mono config path = 'C:/Program Files/Unity/Hub/Editor/2023.2.3f1/Editor/Data/MonoBleedingEdge/etc'
Using monoOptions --debugger-agent=transport=dt_socket,embedding=1,server=y,suspend=n,address=127.0.0.1:56788
Begin MonoManager ReloadAssembly
C:\build\output\Unity-Technologies\mono\mono\metadata\icall.c:1842:
C:\build\output\Unity-Technologies\mono\mono\metadata\icall.c:1842:
C:\build\output\Unity-Technologies\mono\mono\metadata\icall.c:1842:
C:\build\output\Unity-Technologies\mono\mono\metadata\icall.c:1842:
C:\build\output\Unity-Technologies\mono\mono\metadata\icall.c:1842:
C:\build\output\Unity-Technologies\mono\mono\metadata\icall.c:1842:
C:\build\output\Unity-Technologies\mono\mono\metadata\icall.c:1842:
C:\build\output\Unity-Technologies\mono\mono\metadata\icall.c:1842:
C:\build\output\Unity-Technologies\mono\mono\metadata\icall.c:1842:
C:\build\output\Unity-Technologies\mono\mono\metadata\icall.c:1842:
Registering precompiled unity dll's ...
Register platform support module: C:/Program Files/Unity/Hub/Editor/2023.2.3f1/Editor/Data/PlaybackEngines/WindowsStandaloneSupport/UnityEditor.WindowsStandalone.Extensions.dll
Registered in 0.006802 seconds.
- Loaded All Assemblies, in  0.697 seconds
Native extension for WindowsStandalone target not found
Mono: successfully reloaded assembly
C:\build\output\Unity-Technologies\mono\mono\metadata\icall.c:1842:
C:\build\output\Unity-Technologies\mono\mono\metadata\icall.c:1842:
- Finished resetting the current domain, in  0.442 seconds
Domain Reload Profiling: 1133ms
	BeginReloadAssembly (245ms)
		ExecutionOrderSort (0ms)
		DisableScriptedObjects (0ms)
		BackupInstance (0ms)
		ReleaseScriptingObjects (0ms)
		CreateAndSetChildDomain (1ms)
	RebuildCommonClasses (67ms)
	RebuildNativeTypeToScriptingClass (23ms)
	initialDomainReloadingComplete (85ms)
	LoadAllAssembliesAndSetupDomain (271ms)
		LoadAssemblies (240ms)
		RebuildTransferFunctionScriptingTraits (0ms)
		AnalyzeDomain (268ms)
			TypeCache.Refresh (265ms)
				TypeCache.ScanAssembly (244ms)
			BuildScriptInfoCaches (0ms)
			ResolveRequiredComponents (1ms)
	FinalizeReload (442ms)
		ReleaseScriptCaches (0ms)
		RebuildScriptCaches (0ms)
		SetupLoadedEditorAssemblies (359ms)
			LogAssemblyErrors (0ms)
			InitializePlatformSupportModulesInManaged (13ms)
			SetLoadedEditorAssemblies (10ms)
			BeforeProcessingInitializeOnLoad (12ms)
			ProcessInitializeOnLoadAttributes (253ms)
			ProcessInitializeOnLoadMethodAttributes (70ms)
			AfterProcessingInitializeOnLoad (0ms)
			EditorAssembliesLoaded (0ms)
		ExecutionOrderSort2 (0ms)
		AwakeInstancesAfterBackupRestoration (0ms)
========================================================================
Worker process is ready to serve import requests
Import Worker Mode flag is 0x00
Begin MonoManager ReloadAssembly
C:\build\output\Unity-Technologies\mono\mono\metadata\icall.c:1842:
C:\build\output\Unity-Technologies\mono\mono\metadata\icall.c:1842:
C:\build\output\Unity-Technologies\mono\mono\metadata\icall.c:1842:
C:\build\output\Unity-Technologies\mono\mono\metadata\icall.c:1842:
C:\build\output\Unity-Technologies\mono\mono\metadata\icall.c:1842:
C:\build\output\Unity-Technologies\mono\mono\metadata\icall.c:1842:
C:\build\output\Unity-Technologies\mono\mono\metadata\icall.c:1842:
C:\build\output\Unity-Technologies\mono\mono\metadata\icall.c:1842:
C:\build\output\Unity-Technologies\mono\mono\metadata\icall.c:1842:
C:\build\output\Unity-Technologies\mono\mono\metadata\icall.c:1842:
C:\build\output\Unity-Technologies\mono\mono\metadata\icall.c:1842:
C:\build\output\Unity-Technologies\mono\mono\metadata\icall.c:1842:
Symbol file LoadedFromMemory doesn't match image C:\Users\terra\Dungeon\Library\PackageCache\com.unity.visualscripting@1.8.0\Editor\VisualScripting.Core\Dependencies\YamlDotNet\Unity.VisualScripting.YamlDotNet.dll
Symbol file LoadedFromMemory doesn't match image C:\Users\terra\Dungeon\Library\PackageCache\com.unity.visualscripting@1.8.0\Editor\VisualScripting.Core\Dependencies\DotNetZip\Unity.VisualScripting.IonicZip.dll
- Loaded All Assemblies, in  1.302 seconds
Refreshing native plugins compatible for Editor in 4.18 ms, found 5 plugins.
Native extension for WindowsStandalone target not found
System.Reflection.TargetInvocationException: Exception has been thrown by the target of an invocation. ---> System.TypeInitializationException: The type initializer for 'Tripolygon.UModelerX.Editor.Models.UMPropertyDescriptorDefaultMaterial' threw an exception. ---> System.NullReferenceException: Object reference not set to an instance of an object
  at Tripolygon.UModelerX.Editor.Models.UMPropertyDescriptorDefaultMaterial..cctor () [0x00014] in <891383c9341f4e38b97efcfe2445ba87>:0 
   --- End of inner exception stack trace ---
  at (wrapper managed-to-native) System.Object.__icall_wrapper_mono_gc_wbarrier_generic_nostore_internal(intptr)
  at (wrapper write-barrier) System.Object.wbarrier_conc(intptr)
  at (wrapper managed-to-native) System.Reflection.RuntimeConstructorInfo.InternalInvoke(System.Reflection.RuntimeConstructorInfo,object,object[],System.Exception&)
  at System.Reflection.RuntimeConstructorInfo.InternalInvoke (System.Object obj, System.Object[] parameters, System.Boolean wrapExceptions) [0x00005] in <1334a096378c46d2bd2be2db1a37116e>:0 
   --- End of inner exception stack trace ---
  at System.Reflection.RuntimeConstructorInfo.InternalInvoke (System.Object obj, System.Object[] parameters, System.Boolean wrapExceptions) [0x0001a] in <1334a096378c46d2bd2be2db1a37116e>:0 
  at System.Reflection.RuntimeConstructorInfo.DoInvoke (System.Object obj, System.Reflection.BindingFlags invokeAttr, System.Reflection.Binder binder, System.Object[] parameters, System.Globalization.CultureInfo culture) [0x00086] in <1334a096378c46d2bd2be2db1a37116e>:0 
  at System.Reflection.RuntimeConstructorInfo.Invoke (System.Reflection.BindingFlags invokeAttr, System.Reflection.Binder binder, System.Object[] parameters, System.Globalization.CultureInfo culture) [0x00000] in <1334a096378c46d2bd2be2db1a37116e>:0 
  at System.RuntimeType.CreateInstanceImpl (System.Reflection.BindingFlags bindingAttr, System.Reflection.Binder binder, System.Object[] args, System.Globalization.CultureInfo culture, System.Object[] activationAttributes, System.Threading.StackCrawlMark& stackMark) [0x0022b] in <1334a096378c46d2bd2be2db1a37116e>:0 
  at System.Activator.CreateInstance (System.Type type, System.Reflection.BindingFlags bindingAttr, System.Reflection.Binder binder, System.Object[] args, System.Globalization.CultureInfo culture, System.Object[] activationAttributes) [0x0009c] in <1334a096378c46d2bd2be2db1a37116e>:0 
  at System.Activator.CreateInstance (System.Type type, System.Object[] args) [0x00000] in <1334a096378c46d2bd2be2db1a37116e>:0 
  at Tripolygon.UModeler.Models.UMPropertyDescriptor.CreateDescriptor (System.Reflection.PropertyInfo propertyInfo) [0x00067] in <249881c1add04404a20ea65c0a27f157>:0 
  at Tripolygon.UModeler.Models.UMPropertyContext.GetPureDescriptors (System.Object obj) [0x0007e] in <249881c1add04404a20ea65c0a27f157>:0 
UnityEngine.Debug:ExtractStackTraceNoAlloc (byte*,int,string)
UnityEngine.StackTraceUtility:ExtractStackTrace ()
UnityEngine.DebugLogHandler:Internal_Log (UnityEngine.LogType,UnityEngine.LogOption,string,UnityEngine.Object)
UnityEngine.DebugLogHandler:LogFormat (UnityEngine.LogType,UnityEngine.Object,string,object[])
UnityEngine.Logger:Log (UnityEngine.LogType,object)
UnityEngine.Debug:LogError (object)
Tripolygon.UModeler.Models.UMPropertyContext:GetPureDescriptors (object)
Tripolygon.UModeler.Models.UMPropertyContext:GetDescriptors (object)
Tripolygon.UModeler.Models.UMPropertyContext:.ctor (object,Tripolygon.UModeler.Models.IPropertySerializer)
Tripolygon.UModeler.Editor.UI.ApplicationSettings/<>c:<.ctor>b__0_4 (System.Type)
System.Linq.Utilities/<>c__DisplayClass2_0`3<<>f__AnonymousType0`2<System.Reflection.Assembly, System.Type>, System.Type, Tripolygon.UModeler.Models.UMPropertyContext>:<CombineSelectors>b__0 (<>f__AnonymousType0`2<System.Reflection.Assembly, System.Type>)
System.Linq.Enumerable/WhereSelectEnumerableIterator`2<<>f__AnonymousType0`2<System.Reflection.Assembly, System.Type>, Tripolygon.UModeler.Models.UMPropertyContext>:ToArray ()
System.Linq.Enumerable:ToArray<Tripolygon.UModeler.Models.UMPropertyContext> (System.Collections.Generic.IEnumerable`1<Tripolygon.UModeler.Models.UMPropertyContext>)
Tripolygon.UModeler.Editor.UI.ApplicationSettings:.ctor ()
Tripolygon.UModeler.Editor.UI.ApplicationSettingsProvider:.cctor ()
System.Reflection.RuntimeConstructorInfo:InternalInvoke (object,object[],bool)
System.RuntimeType:CreateInstanceMono (bool,bool)
System.RuntimeType:CreateInstanceSlow (bool,bool,bool,bool)
System.RuntimeType:CreateInstanceDefaultCtor (bool,bool,bool,bool,System.Threading.StackCrawlMark&)
System.Activator:CreateInstance (System.Type,bool,bool)
System.Activator:CreateInstance (System.Type,bool)
System.Activator:CreateInstance (System.Type)
Tripolygon.UModeler.UI.ApplicationServiceCollection:.ctor (Tripolygon.UModeler.UI.Application)
Tripolygon.UModeler.UI.Application:.ctor ()
Tripolygon.UModeler.Editor.UI.UnityEditorApplication:.ctor ()
Tripolygon.UModeler.Editor.UI.UnityEditorApplication:.cctor ()
System.Runtime.CompilerServices.RuntimeHelpers:RunClassConstructor (System.RuntimeTypeHandle)
UnityEditor.EditorAssemblies:ProcessInitializeOnLoadAttributes (System.Type[])

System.Reflection.TargetInvocationException: Exception has been thrown by the target of an invocation. ---> System.TypeInitializationException: The type initializer for 'Tripolygon.UModelerX.Editor.Models.UMPropertyDescriptorXRayMaterial' threw an exception. ---> System.NullReferenceException: Object reference not set to an instance of an object
  at Tripolygon.UModelerX.Editor.Models.UMPropertyDescriptorXRayMaterial..cctor () [0x00014] in <891383c9341f4e38b97efcfe2445ba87>:0 
   --- End of inner exception stack trace ---
  at (wrapper managed-to-native) System.Object.__icall_wrapper_mono_gc_wbarrier_generic_nostore_internal(intptr)
  at (wrapper write-barrier) System.Object.wbarrier_conc(intptr)
  at (wrapper managed-to-native) System.Reflection.RuntimeConstructorInfo.InternalInvoke(System.Reflection.RuntimeConstructorInfo,object,object[],System.Exception&)
  at System.Reflection.RuntimeConstructorInfo.InternalInvoke (System.Object obj, System.Object[] parameters, System.Boolean wrapExceptions) [0x00005] in <1334a096378c46d2bd2be2db1a37116e>:0 
   --- End of inner exception stack trace ---
  at System.Reflection.RuntimeConstructorInfo.InternalInvoke (System.Object obj, System.Object[] parameters, System.Boolean wrapExceptions) [0x0001a] in <1334a096378c46d2bd2be2db1a37116e>:0 
  at System.Reflection.RuntimeConstructorInfo.DoInvoke (System.Object obj, System.Reflection.BindingFlags invokeAttr, System.Reflection.Binder binder, System.Object[] parameters, System.Globalization.CultureInfo culture) [0x00086] in <1334a096378c46d2bd2be2db1a37116e>:0 
  at System.Reflection.RuntimeConstructorInfo.Invoke (System.Reflection.BindingFlags invokeAttr, System.Reflection.Binder binder, System.Object[] parameters, System.Globalization.CultureInfo culture) [0x00000] in <1334a096378c46d2bd2be2db1a37116e>:0 
  at System.RuntimeType.CreateInstanceImpl (System.Reflection.BindingFlags bindingAttr, System.Reflection.Binder binder, System.Object[] args, System.Globalization.CultureInfo culture, System.Object[] activationAttributes, System.Threading.StackCrawlMark& stackMark) [0x0022b] in <1334a096378c46d2bd2be2db1a37116e>:0 
  at System.Activator.CreateInstance (System.Type type, System.Reflection.BindingFlags bindingAttr, System.Reflection.Binder binder, System.Object[] args, System.Globalization.CultureInfo culture, System.Object[] activationAttributes) [0x0009c] in <1334a096378c46d2bd2be2db1a37116e>:0 
  at System.Activator.CreateInstance (System.Type type, System.Object[] args) [0x00000] in <1334a096378c46d2bd2be2db1a37116e>:0 
  at Tripolygon.UModeler.Models.UMPropertyDescriptor.CreateDescriptor (System.Reflection.PropertyInfo propertyInfo) [0x00067] in <249881c1add04404a20ea65c0a27f157>:0 
  at Tripolygon.UModeler.Models.UMPropertyContext.GetPureDescriptors (System.Object obj) [0x0007e] in <249881c1add04404a20ea65c0a27f157>:0 
UnityEngine.Debug:ExtractStackTraceNoAlloc (byte*,int,string)
UnityEngine.StackTraceUtility:ExtractStackTrace ()
UnityEngine.DebugLogHandler:Internal_Log (UnityEngine.LogType,UnityEngine.LogOption,string,UnityEngine.Object)
UnityEngine.DebugLogHandler:LogFormat (UnityEngine.LogType,UnityEngine.Object,string,object[])
UnityEngine.Logger:Log (UnityEngine.LogType,object)
UnityEngine.Debug:LogError (object)
Tripolygon.UModeler.Models.UMPropertyContext:GetPureDescriptors (object)
Tripolygon.UModeler.Models.UMPropertyContext:GetDescriptors (object)
Tripolygon.UModeler.Models.UMPropertyContext:.ctor (object,Tripolygon.UModeler.Models.IPropertySerializer)
Tripolygon.UModeler.Editor.UI.ApplicationSettings/<>c:<.ctor>b__0_4 (System.Type)
System.Linq.Utilities/<>c__DisplayClass2_0`3<<>f__AnonymousType0`2<System.Reflection.Assembly, System.Type>, System.Type, Tripolygon.UModeler.Models.UMPropertyContext>:<CombineSelectors>b__0 (<>f__AnonymousType0`2<System.Reflection.Assembly, System.Type>)
System.Linq.Enumerable/WhereSelectEnumerableIterator`2<<>f__AnonymousType0`2<System.Reflection.Assembly, System.Type>, Tripolygon.UModeler.Models.UMPropertyContext>:ToArray ()
System.Linq.Enumerable:ToArray<Tripolygon.UModeler.Models.UMPropertyContext> (System.Collections.Generic.IEnumerable`1<Tripolygon.UModeler.Models.UMPropertyContext>)
Tripolygon.UModeler.Editor.UI.ApplicationSettings:.ctor ()
Tripolygon.UModeler.Editor.UI.ApplicationSettingsProvider:.cctor ()
System.Reflection.RuntimeConstructorInfo:InternalInvoke (object,object[],bool)
System.RuntimeType:CreateInstanceMono (bool,bool)
System.RuntimeType:CreateInstanceSlow (bool,bool,bool,bool)
System.RuntimeType:CreateInstanceDefaultCtor (bool,bool,bool,bool,System.Threading.StackCrawlMark&)
System.Activator:CreateInstance (System.Type,bool,bool)
System.Activator:CreateInstance (System.Type,bool)
System.Activator:CreateInstance (System.Type)
Tripolygon.UModeler.UI.ApplicationServiceCollection:.ctor (Tripolygon.UModeler.UI.Application)
Tripolygon.UModeler.UI.Application:.ctor ()
Tripolygon.UModeler.Editor.UI.UnityEditorApplication:.ctor ()
Tripolygon.UModeler.Editor.UI.UnityEditorApplication:.cctor ()
System.Runtime.CompilerServices.RuntimeHelpers:RunClassConstructor (System.RuntimeTypeHandle)
UnityEditor.EditorAssemblies:ProcessInitializeOnLoadAttributes (System.Type[])

System.NullReferenceException: Object reference not set to an instance of an object
  at Tripolygon.UModelerX.Editor.Models.UMPropertyDescriptorBackfaceMaterial.get_DefaultValuePath () [0x00014] in <891383c9341f4e38b97efcfe2445ba87>:0 
  at Tripolygon.UModeler.Editor.Models.UMPropertyDescriptorMaterial.get_DefaultValue () [0x00008] in <891383c9341f4e38b97efcfe2445ba87>:0 
  at Tripolygon.UModeler.Models.UMPropertyDescriptor.Validate () [0x00000] in <249881c1add04404a20ea65c0a27f157>:0 
  at Tripolygon.UModeler.Models.UMPropertyContext.GetPureDescriptors (System.Object obj) [0x00087] in <249881c1add04404a20ea65c0a27f157>:0 
UnityEngine.Debug:ExtractStackTraceNoAlloc (byte*,int,string)
UnityEngine.StackTraceUtility:ExtractStackTrace ()
UnityEngine.DebugLogHandler:Internal_Log (UnityEngine.LogType,UnityEngine.LogOption,string,UnityEngine.Object)
UnityEngine.DebugLogHandler:LogFormat (UnityEngine.LogType,UnityEngine.Object,string,object[])
UnityEngine.Logger:Log (UnityEngine.LogType,object)
UnityEngine.Debug:LogError (object)
Tripolygon.UModeler.Models.UMPropertyContext:GetPureDescriptors (object)
Tripolygon.UModeler.Models.UMPropertyContext:GetDescriptors (object)
Tripolygon.UModeler.Models.UMPropertyContext:.ctor (object,Tripolygon.UModeler.Models.IPropertySerializer)
Tripolygon.UModeler.Editor.UI.ApplicationSettings/<>c:<.ctor>b__0_4 (System.Type)
System.Linq.Utilities/<>c__DisplayClass2_0`3<<>f__AnonymousType0`2<System.Reflection.Assembly, System.Type>, System.Type, Tripolygon.UModeler.Models.UMPropertyContext>:<CombineSelectors>b__0 (<>f__AnonymousType0`2<System.Reflection.Assembly, System.Type>)
System.Linq.Enumerable/WhereSelectEnumerableIterator`2<<>f__AnonymousType0`2<System.Reflection.Assembly, System.Type>, Tripolygon.UModeler.Models.UMPropertyContext>:ToArray ()
System.Linq.Enumerable:ToArray<Tripolygon.UModeler.Models.UMPropertyContext> (System.Collections.Generic.IEnumerable`1<Tripolygon.UModeler.Models.UMPropertyContext>)
Tripolygon.UModeler.Editor.UI.ApplicationSettings:.ctor ()
Tripolygon.UModeler.Editor.UI.ApplicationSettingsProvider:.cctor ()
System.Reflection.RuntimeConstructorInfo:InternalInvoke (object,object[],bool)
System.RuntimeType:CreateInstanceMono (bool,bool)
System.RuntimeType:CreateInstanceSlow (bool,bool,bool,bool)
System.RuntimeType:CreateInstanceDefaultCtor (bool,bool,bool,bool,System.Threading.StackCrawlMark&)
System.Activator:CreateInstance (System.Type,bool,bool)
System.Activator:CreateInstance (System.Type,bool)
System.Activator:CreateInstance (System.Type)
Tripolygon.UModeler.UI.ApplicationServiceCollection:.ctor (Tripolygon.UModeler.UI.Application)
Tripolygon.UModeler.UI.Application:.ctor ()
Tripolygon.UModeler.Editor.UI.UnityEditorApplication:.ctor ()
Tripolygon.UModeler.Editor.UI.UnityEditorApplication:.cctor ()
System.Runtime.CompilerServices.RuntimeHelpers:RunClassConstructor (System.RuntimeTypeHandle)
UnityEditor.EditorAssemblies:ProcessInitializeOnLoadAttributes (System.Type[])

System.NullReferenceException: Object reference not set to an instance of an object
  at Tripolygon.UModelerX.Editor.Models.UMPropertyDescriptorColorPaintMaterial.get_DefaultValuePath () [0x00014] in <891383c9341f4e38b97efcfe2445ba87>:0 
  at Tripolygon.UModeler.Editor.Models.UMPropertyDescriptorMaterial.get_DefaultValue () [0x00008] in <891383c9341f4e38b97efcfe2445ba87>:0 
  at Tripolygon.UModeler.Models.UMPropertyDescriptor.Validate () [0x00000] in <249881c1add04404a20ea65c0a27f157>:0 
  at Tripolygon.UModeler.Models.UMPropertyContext.GetPureDescriptors (System.Object obj) [0x00087] in <249881c1add04404a20ea65c0a27f157>:0 
UnityEngine.Debug:ExtractStackTraceNoAlloc (byte*,int,string)
UnityEngine.StackTraceUtility:ExtractStackTrace ()
UnityEngine.DebugLogHandler:Internal_Log (UnityEngine.LogType,UnityEngine.LogOption,string,UnityEngine.Object)
UnityEngine.DebugLogHandler:LogFormat (UnityEngine.LogType,UnityEngine.Object,string,object[])
UnityEngine.Logger:Log (UnityEngine.LogType,object)
UnityEngine.Debug:LogError (object)
Tripolygon.UModeler.Models.UMPropertyContext:GetPureDescriptors (object)
Tripolygon.UModeler.Models.UMPropertyContext:GetDescriptors (object)
Tripolygon.UModeler.Models.UMPropertyContext:.ctor (object,Tripolygon.UModeler.Models.IPropertySerializer)
Tripolygon.UModeler.Editor.UI.ApplicationSettings/<>c:<.ctor>b__0_4 (System.Type)
System.Linq.Utilities/<>c__DisplayClass2_0`3<<>f__AnonymousType0`2<System.Reflection.Assembly, System.Type>, System.Type, Tripolygon.UModeler.Models.UMPropertyContext>:<CombineSelectors>b__0 (<>f__AnonymousType0`2<System.Reflection.Assembly, System.Type>)
System.Linq.Enumerable/WhereSelectEnumerableIterator`2<<>f__AnonymousType0`2<System.Reflection.Assembly, System.Type>, Tripolygon.UModeler.Models.UMPropertyContext>:ToArray ()
System.Linq.Enumerable:ToArray<Tripolygon.UModeler.Models.UMPropertyContext> (System.Collections.Generic.IEnumerable`1<Tripolygon.UModeler.Models.UMPropertyContext>)
Tripolygon.UModeler.Editor.UI.ApplicationSettings:.ctor ()
Tripolygon.UModeler.Editor.UI.ApplicationSettingsProvider:.cctor ()
System.Reflection.RuntimeConstructorInfo:InternalInvoke (object,object[],bool)
System.RuntimeType:CreateInstanceMono (bool,bool)
System.RuntimeType:CreateInstanceSlow (bool,bool,bool,bool)
System.RuntimeType:CreateInstanceDefaultCtor (bool,bool,bool,bool,System.Threading.StackCrawlMark&)
System.Activator:CreateInstance (System.Type,bool,bool)
System.Activator:CreateInstance (System.Type,bool)
System.Activator:CreateInstance (System.Type)
Tripolygon.UModeler.UI.ApplicationServiceCollection:.ctor (Tripolygon.UModeler.UI.Application)
Tripolygon.UModeler.UI.Application:.ctor ()
Tripolygon.UModeler.Editor.UI.UnityEditorApplication:.ctor ()
Tripolygon.UModeler.Editor.UI.UnityEditorApplication:.cctor ()
System.Runtime.CompilerServices.RuntimeHelpers:RunClassConstructor (System.RuntimeTypeHandle)
UnityEditor.EditorAssemblies:ProcessInitializeOnLoadAttributes (System.Type[])

System.Reflection.TargetInvocationException: Exception has been thrown by the target of an invocation. ---> System.TypeInitializationException: The type initializer for 'Tripolygon.UModelerX.Editor.Models.UMPropertyDescriptorPaintPreviewMaterial' threw an exception. ---> System.NullReferenceException: Object reference not set to an instance of an object
  at Tripolygon.UModelerX.Editor.Models.UMPropertyDescriptorPaintPreviewMaterial..cctor () [0x00014] in <891383c9341f4e38b97efcfe2445ba87>:0 
   --- End of inner exception stack trace ---
  at (wrapper managed-to-native) System.Object.__icall_wrapper_mono_gc_wbarrier_generic_nostore_internal(intptr)
  at (wrapper write-barrier) System.Object.wbarrier_conc(intptr)
  at (wrapper managed-to-native) System.Reflection.RuntimeConstructorInfo.InternalInvoke(System.Reflection.RuntimeConstructorInfo,object,object[],System.Exception&)
  at System.Reflection.RuntimeConstructorInfo.InternalInvoke (System.Object obj, System.Object[] parameters, System.Boolean wrapExceptions) [0x00005] in <1334a096378c46d2bd2be2db1a37116e>:0 
   --- End of inner exception stack trace ---
  at System.Reflection.RuntimeConstructorInfo.InternalInvoke (System.Object obj, System.Object[] parameters, System.Boolean wrapExceptions) [0x0001a] in <1334a096378c46d2bd2be2db1a37116e>:0 
  at System.Reflection.RuntimeConstructorInfo.DoInvoke (System.Object obj, System.Reflection.BindingFlags invokeAttr, System.Reflection.Binder binder, System.Object[] parameters, System.Globalization.CultureInfo culture) [0x00086] in <1334a096378c46d2bd2be2db1a37116e>:0 
  at System.Reflection.RuntimeConstructorInfo.Invoke (System.Reflection.BindingFlags invokeAttr, System.Reflection.Binder binder, System.Object[] parameters, System.Globalization.CultureInfo culture) [0x00000] in <1334a096378c46d2bd2be2db1a37116e>:0 
  at System.RuntimeType.CreateInstanceImpl (System.Reflection.BindingFlags bindingAttr, System.Reflection.Binder binder, System.Object[] args, System.Globalization.CultureInfo culture, System.Object[] activationAttributes, System.Threading.StackCrawlMark& stackMark) [0x0022b] in <1334a096378c46d2bd2be2db1a37116e>:0 
  at System.Activator.CreateInstance (System.Type type, System.Reflection.BindingFlags bindingAttr, System.Reflection.Binder binder, System.Object[] args, System.Globalization.CultureInfo culture, System.Object[] activationAttributes) [0x0009c] in <1334a096378c46d2bd2be2db1a37116e>:0 
  at System.Activator.CreateInstance (System.Type type, System.Object[] args) [0x00000] in <1334a096378c46d2bd2be2db1a37116e>:0 
  at Tripolygon.UModeler.Models.UMPropertyDescriptor.CreateDescriptor (System.Reflection.PropertyInfo propertyInfo) [0x00067] in <249881c1add04404a20ea65c0a27f157>:0 
  at Tripolygon.UModeler.Models.UMPropertyContext.GetPureDescriptors (System.Object obj) [0x0007e] in <249881c1add04404a20ea65c0a27f157>:0 
UnityEngine.Debug:ExtractStackTraceNoAlloc (byte*,int,string)
UnityEngine.StackTraceUtility:ExtractStackTrace ()
UnityEngine.DebugLogHandler:Internal_Log (UnityEngine.LogType,UnityEngine.LogOption,string,UnityEngine.Object)
UnityEngine.DebugLogHandler:LogFormat (UnityEngine.LogType,UnityEngine.Object,string,object[])
UnityEngine.Logger:Log (UnityEngine.LogType,object)
UnityEngine.Debug:LogError (object)
Tripolygon.UModeler.Models.UMPropertyContext:GetPureDescriptors (object)
Tripolygon.UModeler.Models.UMPropertyContext:GetDescriptors (object)
Tripolygon.UModeler.Models.UMPropertyContext:.ctor (object,Tripolygon.UModeler.Models.IPropertySerializer)
Tripolygon.UModeler.Editor.UI.ApplicationSettings/<>c:<.ctor>b__0_4 (System.Type)
System.Linq.Utilities/<>c__DisplayClass2_0`3<<>f__AnonymousType0`2<System.Reflection.Assembly, System.Type>, System.Type, Tripolygon.UModeler.Models.UMPropertyContext>:<CombineSelectors>b__0 (<>f__AnonymousType0`2<System.Reflection.Assembly, System.Type>)
System.Linq.Enumerable/WhereSelectEnumerableIterator`2<<>f__AnonymousType0`2<System.Reflection.Assembly, System.Type>, Tripolygon.UModeler.Models.UMPropertyContext>:ToArray ()
System.Linq.Enumerable:ToArray<Tripolygon.UModeler.Models.UMPropertyContext> (System.Collections.Generic.IEnumerable`1<Tripolygon.UModeler.Models.UMPropertyContext>)
Tripolygon.UModeler.Editor.UI.ApplicationSettings:.ctor ()
Tripolygon.UModeler.Editor.UI.ApplicationSettingsProvider:.cctor ()
System.Reflection.RuntimeConstructorInfo:InternalInvoke (object,object[],bool)
System.RuntimeType:CreateInstanceMono (bool,bool)
System.RuntimeType:CreateInstanceSlow (bool,bool,bool,bool)
System.RuntimeType:CreateInstanceDefaultCtor (bool,bool,bool,bool,System.Threading.StackCrawlMark&)
System.Activator:CreateInstance (System.Type,bool,bool)
System.Activator:CreateInstance (System.Type,bool)
System.Activator:CreateInstance (System.Type)
Tripolygon.UModeler.UI.ApplicationServiceCollection:.ctor (Tripolygon.UModeler.UI.Application)
Tripolygon.UModeler.UI.Application:.ctor ()
Tripolygon.UModeler.Editor.UI.UnityEditorApplication:.ctor ()
Tripolygon.UModeler.Editor.UI.UnityEditorApplication:.cctor ()
System.Runtime.CompilerServices.RuntimeHelpers:RunClassConstructor (System.RuntimeTypeHandle)
UnityEditor.EditorAssemblies:ProcessInitializeOnLoadAttributes (System.Type[])

Mono: successfully reloaded assembly
- Finished resetting the current domain, in  1.823 seconds
Domain Reload Profiling: 3119ms
	BeginReloadAssembly (463ms)
		ExecutionOrderSort (0ms)
		DisableScriptedObjects (7ms)
		BackupInstance (0ms)
		ReleaseScriptingObjects (0ms)
		CreateAndSetChildDomain (34ms)
	RebuildCommonClasses (48ms)
	RebuildNativeTypeToScriptingClass (18ms)
	initialDomainReloadingComplete (56ms)
	LoadAllAssembliesAndSetupDomain (710ms)
		LoadAssemblies (530ms)
		RebuildTransferFunctionScriptingTraits (0ms)
		AnalyzeDomain (320ms)
			TypeCache.Refresh (283ms)
				TypeCache.ScanAssembly (256ms)
			BuildScriptInfoCaches (27ms)
			ResolveRequiredComponents (6ms)
	FinalizeReload (1824ms)
		ReleaseScriptCaches (0ms)
		RebuildScriptCaches (0ms)
		SetupLoadedEditorAssemblies (1167ms)
			LogAssemblyErrors (0ms)
			InitializePlatformSupportModulesInManaged (3ms)
			SetLoadedEditorAssemblies (6ms)
			BeforeProcessingInitializeOnLoad (62ms)
			ProcessInitializeOnLoadAttributes (1048ms)
			ProcessInitializeOnLoadMethodAttributes (39ms)
			AfterProcessingInitializeOnLoad (8ms)
			EditorAssembliesLoaded (0ms)
		ExecutionOrderSort2 (0ms)
		AwakeInstancesAfterBackupRestoration (15ms)
Launched and connected shader compiler UnityShaderCompiler.exe after 0.03 seconds
Refreshing native plugins compatible for Editor in 2.57 ms, found 5 plugins.
Preloading 0 native plugins for Editor in 0.00 ms.
Unloading 43 Unused Serialized files (Serialized files now loaded: 0)
Unloading 3232 unused Assets / (1.1 MB). Loaded Objects now: 3886.
Memory consumption went from 143.2 MB to 142.1 MB.
Total: 12.837800 ms (FindLiveObjects: 0.426000 ms CreateObjectMapping: 0.393100 ms MarkObjects: 10.749300 ms  DeleteObjects: 1.267600 ms)

========================================================================
Received Import Request.
  Time since last request: 268064.097914 seconds.
  path: Assets/Scripts/ManyBattleSystem.cs
  artifactKey: Guid(6cef5d17f25ea16498efa859e8b15591) Importer(815301076,1909f56bfc062723c751e8b465ee728b)
Start importing Assets/Scripts/ManyBattleSystem.cs using Guid(6cef5d17f25ea16498efa859e8b15591) Importer(815301076,1909f56bfc062723c751e8b465ee728b) (PreviewImporter) -> (artifact id: 'a9fb38e3c6d4d1739c8804ac86e5da56') in 0.0103713 seconds
Number of updated asset objects reloaded before import = 0Number of asset objects unloaded after import = 0

========================================================================
Received Import Request.
  Time since last request: 0.000278 seconds.
  path: Assets/Scripts/PlayerController.cs
  artifactKey: Guid(01b6ab0e28864db4180dc8cecf569486) Importer(815301076,1909f56bfc062723c751e8b465ee728b)
Start importing Assets/Scripts/PlayerController.cs using Guid(01b6ab0e28864db4180dc8cecf569486) Importer(815301076,1909f56bfc062723c751e8b465ee728b) (PreviewImporter) -> (artifact id: '698960c7d61664014a880f766c422926') in 0.0007012 seconds
Number of updated asset objects reloaded before import = 0Number of asset objects unloaded after import = 0

========================================================================
Received Prepare
Begin MonoManager ReloadAssembly
NullReferenceException: Object reference not set to an instance of an object
  at Tripolygon.UModeler.Hub.HubAnalytics.OnRelease (System.Boolean isReloading) [0x00019] in <cf732c70839a48d4b6a7389e1a2594b8>:0 
  at Tripolygon.UModeler.Analytics.AnalyticsBase.Release (System.Boolean isReloading) [0x00000] in <cf732c70839a48d4b6a7389e1a2594b8>:0 
  at Tripolygon.UModeler.Hub.HubAnalyticsService.OnRelease (System.Boolean isReloading) [0x00000] in <cf732c70839a48d4b6a7389e1a2594b8>:0 
  at Tripolygon.UModeler.UI.ApplicationServiceBase.Application_Released (System.Object sender, Tripolygon.UModeler.UI.ApplicationReleasedEventArgs e) [0x00007] in <68ba3d581b4c415d99433c7597947860>:0 
  at (wrapper delegate-invoke) System.EventHandler`1[Tripolygon.UModeler.UI.ApplicationReleasedEventArgs].invoke_void_object_TEventArgs(object,Tripolygon.UModeler.UI.ApplicationReleasedEventArgs)
  at Tripolygon.UModeler.UI.Application.Release (System.Boolean isReloading) [0x0005f] in <68ba3d581b4c415d99433c7597947860>:0 
  at Tripolygon.UModeler.Editor.UI.UnityEditorApplication+<>c.<.cctor>b__5_1 () [0x00029] in <cf732c70839a48d4b6a7389e1a2594b8>:0 
  at UnityEditor.AssemblyReloadEvents.OnBeforeAssemblyReload () [0x00017] in <4ec4ffcbf9cb40b9a62b20bd9f80de36>:0 

C:\build\output\Unity-Technologies\mono\mono\metadata\icall.c:1842:
C:\build\output\Unity-Technologies\mono\mono\metadata\icall.c:1842:
C:\build\output\Unity-Technologies\mono\mono\metadata\icall.c:1842:
C:\build\output\Unity-Technologies\mono\mono\metadata\icall.c:1842:
C:\build\output\Unity-Technologies\mono\mono\metadata\icall.c:1842:
C:\build\output\Unity-Technologies\mono\mono\metadata\icall.c:1842:
C:\build\output\Unity-Technologies\mono\mono\metadata\icall.c:1842:
C:\build\output\Unity-Technologies\mono\mono\metadata\icall.c:1842:
C:\build\output\Unity-Technologies\mono\mono\metadata\icall.c:1842:
C:\build\output\Unity-Technologies\mono\mono\metadata\icall.c:1842:
C:\build\output\Unity-Technologies\mono\mono\metadata\icall.c:1842:
C:\build\output\Unity-Technologies\mono\mono\metadata\icall.c:1842:
Symbol file LoadedFromMemory doesn't match image C:\Users\terra\Dungeon\Library\PackageCache\com.unity.visualscripting@1.8.0\Editor\VisualScripting.Core\Dependencies\YamlDotNet\Unity.VisualScripting.YamlDotNet.dll
Symbol file LoadedFromMemory doesn't match image C:\Users\terra\Dungeon\Library\PackageCache\com.unity.visualscripting@1.8.0\Editor\VisualScripting.Core\Dependencies\DotNetZip\Unity.VisualScripting.IonicZip.dll
- Loaded All Assemblies, in  1.184 seconds
Refreshing native plugins compatible for Editor in 2.70 ms, found 5 plugins.
Native extension for WindowsStandalone target not found
System.Reflection.TargetInvocationException: Exception has been thrown by the target of an invocation. ---> System.TypeInitializationException: The type initializer for 'Tripolygon.UModelerX.Editor.Models.UMPropertyDescriptorDefaultMaterial' threw an exception. ---> System.NullReferenceException: Object reference not set to an instance of an object
  at Tripolygon.UModelerX.Editor.Models.UMPropertyDescriptorDefaultMaterial..cctor () [0x00014] in <891383c9341f4e38b97efcfe2445ba87>:0 
   --- End of inner exception stack trace ---
  at (wrapper managed-to-native) System.Object.__icall_wrapper_mono_gc_wbarrier_generic_nostore_internal(intptr)
  at (wrapper write-barrier) System.Object.wbarrier_conc(intptr)
  at (wrapper managed-to-native) System.Reflection.RuntimeConstructorInfo.InternalInvoke(System.Reflection.RuntimeConstructorInfo,object,object[],System.Exception&)
  at System.Reflection.RuntimeConstructorInfo.InternalInvoke (System.Object obj, System.Object[] parameters, System.Boolean wrapExceptions) [0x00005] in <1334a096378c46d2bd2be2db1a37116e>:0 
   --- End of inner exception stack trace ---
  at System.Reflection.RuntimeConstructorInfo.InternalInvoke (System.Object obj, System.Object[] parameters, System.Boolean wrapExceptions) [0x0001a] in <1334a096378c46d2bd2be2db1a37116e>:0 
  at System.Reflection.RuntimeConstructorInfo.DoInvoke (System.Object obj, System.Reflection.BindingFlags invokeAttr, System.Reflection.Binder binder, System.Object[] parameters, System.Globalization.CultureInfo culture) [0x00086] in <1334a096378c46d2bd2be2db1a37116e>:0 
  at System.Reflection.RuntimeConstructorInfo.Invoke (System.Reflection.BindingFlags invokeAttr, System.Reflection.Binder binder, System.Object[] parameters, System.Globalization.CultureInfo culture) [0x00000] in <1334a096378c46d2bd2be2db1a37116e>:0 
  at System.RuntimeType.CreateInstanceImpl (System.Reflection.BindingFlags bindingAttr, System.Reflection.Binder binder, System.Object[] args, System.Globalization.CultureInfo culture, System.Object[] activationAttributes, System.Threading.StackCrawlMark& stackMark) [0x0022b] in <1334a096378c46d2bd2be2db1a37116e>:0 
  at System.Activator.CreateInstance (System.Type type, System.Reflection.BindingFlags bindingAttr, System.Reflection.Binder binder, System.Object[] args, System.Globalization.CultureInfo culture, System.Object[] activationAttributes) [0x0009c] in <1334a096378c46d2bd2be2db1a37116e>:0 
  at System.Activator.CreateInstance (System.Type type, System.Object[] args) [0x00000] in <1334a096378c46d2bd2be2db1a37116e>:0 
  at Tripolygon.UModeler.Models.UMPropertyDescriptor.CreateDescriptor (System.Reflection.PropertyInfo propertyInfo) [0x00067] in <249881c1add04404a20ea65c0a27f157>:0 
  at Tripolygon.UModeler.Models.UMPropertyContext.GetPureDescriptors (System.Object obj) [0x0007e] in <249881c1add04404a20ea65c0a27f157>:0 
UnityEngine.Debug:ExtractStackTraceNoAlloc (byte*,int,string)
UnityEngine.StackTraceUtility:ExtractStackTrace ()
UnityEngine.DebugLogHandler:Internal_Log (UnityEngine.LogType,UnityEngine.LogOption,string,UnityEngine.Object)
UnityEngine.DebugLogHandler:LogFormat (UnityEngine.LogType,UnityEngine.Object,string,object[])
UnityEngine.Logger:Log (UnityEngine.LogType,object)
UnityEngine.Debug:LogError (object)
Tripolygon.UModeler.Models.UMPropertyContext:GetPureDescriptors (object)
Tripolygon.UModeler.Models.UMPropertyContext:GetDescriptors (object)
Tripolygon.UModeler.Models.UMPropertyContext:.ctor (object,Tripolygon.UModeler.Models.IPropertySerializer)
Tripolygon.UModeler.Editor.UI.ApplicationSettings/<>c:<.ctor>b__0_4 (System.Type)
System.Linq.Utilities/<>c__DisplayClass2_0`3<<>f__AnonymousType0`2<System.Reflection.Assembly, System.Type>, System.Type, Tripolygon.UModeler.Models.UMPropertyContext>:<CombineSelectors>b__0 (<>f__AnonymousType0`2<System.Reflection.Assembly, System.Type>)
System.Linq.Enumerable/WhereSelectEnumerableIterator`2<<>f__AnonymousType0`2<System.Reflection.Assembly, System.Type>, Tripolygon.UModeler.Models.UMPropertyContext>:ToArray ()
System.Linq.Enumerable:ToArray<Tripolygon.UModeler.Models.UMPropertyContext> (System.Collections.Generic.IEnumerable`1<Tripolygon.UModeler.Models.UMPropertyContext>)
Tripolygon.UModeler.Editor.UI.ApplicationSettings:.ctor ()
Tripolygon.UModeler.Editor.UI.ApplicationSettingsProvider:.cctor ()
System.Reflection.RuntimeConstructorInfo:InternalInvoke (object,object[],bool)
System.RuntimeType:CreateInstanceMono (bool,bool)
System.RuntimeType:CreateInstanceSlow (bool,bool,bool,bool)
System.RuntimeType:CreateInstanceDefaultCtor (bool,bool,bool,bool,System.Threading.StackCrawlMark&)
System.Activator:CreateInstance (System.Type,bool,bool)
System.Activator:CreateInstance (System.Type,bool)
System.Activator:CreateInstance (System.Type)
Tripolygon.UModeler.UI.ApplicationServiceCollection:.ctor (Tripolygon.UModeler.UI.Application)
Tripolygon.UModeler.UI.Application:.ctor ()
Tripolygon.UModeler.Editor.UI.UnityEditorApplication:.ctor ()
Tripolygon.UModeler.Editor.UI.UnityEditorApplication:.cctor ()
System.Runtime.CompilerServices.RuntimeHelpers:RunClassConstructor (System.RuntimeTypeHandle)
UnityEditor.EditorAssemblies:ProcessInitializeOnLoadAttributes (System.Type[])

System.Reflection.TargetInvocationException: Exception has been thrown by the target of an invocation. ---> System.TypeInitializationException: The type initializer for 'Tripolygon.UModelerX.Editor.Models.UMPropertyDescriptorXRayMaterial' threw an exception. ---> System.NullReferenceException: Object reference not set to an instance of an object
  at Tripolygon.UModelerX.Editor.Models.UMPropertyDescriptorXRayMaterial..cctor () [0x00014] in <891383c9341f4e38b97efcfe2445ba87>:0 
   --- End of inner exception stack trace ---
  at (wrapper managed-to-native) System.Object.__icall_wrapper_mono_gc_wbarrier_generic_nostore_internal(intptr)
  at (wrapper write-barrier) System.Object.wbarrier_conc(intptr)
  at (wrapper managed-to-native) System.Reflection.RuntimeConstructorInfo.InternalInvoke(System.Reflection.RuntimeConstructorInfo,object,object[],System.Exception&)
  at System.Reflection.RuntimeConstructorInfo.InternalInvoke (System.Object obj, System.Object[] parameters, System.Boolean wrapExceptions) [0x00005] in <1334a096378c46d2bd2be2db1a37116e>:0 
   --- End of inner exception stack trace ---
  at System.Reflection.RuntimeConstructorInfo.InternalInvoke (System.Object obj, System.Object[] parameters, System.Boolean wrapExceptions) [0x0001a] in <1334a096378c46d2bd2be2db1a37116e>:0 
  at System.Reflection.RuntimeConstructorInfo.DoInvoke (System.Object obj, System.Reflection.BindingFlags invokeAttr, System.Reflection.Binder binder, System.Object[] parameters, System.Globalization.CultureInfo culture) [0x00086] in <1334a096378c46d2bd2be2db1a37116e>:0 
  at System.Reflection.RuntimeConstructorInfo.Invoke (System.Reflection.BindingFlags invokeAttr, System.Reflection.Binder binder, System.Object[] parameters, System.Globalization.CultureInfo culture) [0x00000] in <1334a096378c46d2bd2be2db1a37116e>:0 
  at System.RuntimeType.CreateInstanceImpl (System.Reflection.BindingFlags bindingAttr, System.Reflection.Binder binder, System.Object[] args, System.Globalization.CultureInfo culture, System.Object[] activationAttributes, System.Threading.StackCrawlMark& stackMark) [0x0022b] in <1334a096378c46d2bd2be2db1a37116e>:0 
  at System.Activator.CreateInstance (System.Type type, System.Reflection.BindingFlags bindingAttr, System.Reflection.Binder binder, System.Object[] args, System.Globalization.CultureInfo culture, System.Object[] activationAttributes) [0x0009c] in <1334a096378c46d2bd2be2db1a37116e>:0 
  at System.Activator.CreateInstance (System.Type type, System.Object[] args) [0x00000] in <1334a096378c46d2bd2be2db1a37116e>:0 
  at Tripolygon.UModeler.Models.UMPropertyDescriptor.CreateDescriptor (System.Reflection.PropertyInfo propertyInfo) [0x00067] in <249881c1add04404a20ea65c0a27f157>:0 
  at Tripolygon.UModeler.Models.UMPropertyContext.GetPureDescriptors (System.Object obj) [0x0007e] in <249881c1add04404a20ea65c0a27f157>:0 
UnityEngine.Debug:ExtractStackTraceNoAlloc (byte*,int,string)
UnityEngine.StackTraceUtility:ExtractStackTrace ()
UnityEngine.DebugLogHandler:Internal_Log (UnityEngine.LogType,UnityEngine.LogOption,string,UnityEngine.Object)
UnityEngine.DebugLogHandler:LogFormat (UnityEngine.LogType,UnityEngine.Object,string,object[])
UnityEngine.Logger:Log (UnityEngine.LogType,object)
UnityEngine.Debug:LogError (object)
Tripolygon.UModeler.Models.UMPropertyContext:GetPureDescriptors (object)
Tripolygon.UModeler.Models.UMPropertyContext:GetDescriptors (object)
Tripolygon.UModeler.Models.UMPropertyContext:.ctor (object,Tripolygon.UModeler.Models.IPropertySerializer)
Tripolygon.UModeler.Editor.UI.ApplicationSettings/<>c:<.ctor>b__0_4 (System.Type)
System.Linq.Utilities/<>c__DisplayClass2_0`3<<>f__AnonymousType0`2<System.Reflection.Assembly, System.Type>, System.Type, Tripolygon.UModeler.Models.UMPropertyContext>:<CombineSelectors>b__0 (<>f__AnonymousType0`2<System.Reflection.Assembly, System.Type>)
System.Linq.Enumerable/WhereSelectEnumerableIterator`2<<>f__AnonymousType0`2<System.Reflection.Assembly, System.Type>, Tripolygon.UModeler.Models.UMPropertyContext>:ToArray ()
System.Linq.Enumerable:ToArray<Tripolygon.UModeler.Models.UMPropertyContext> (System.Collections.Generic.IEnumerable`1<Tripolygon.UModeler.Models.UMPropertyContext>)
Tripolygon.UModeler.Editor.UI.ApplicationSettings:.ctor ()
Tripolygon.UModeler.Editor.UI.ApplicationSettingsProvider:.cctor ()
System.Reflection.RuntimeConstructorInfo:InternalInvoke (object,object[],bool)
System.RuntimeType:CreateInstanceMono (bool,bool)
System.RuntimeType:CreateInstanceSlow (bool,bool,bool,bool)
System.RuntimeType:CreateInstanceDefaultCtor (bool,bool,bool,bool,System.Threading.StackCrawlMark&)
System.Activator:CreateInstance (System.Type,bool,bool)
System.Activator:CreateInstance (System.Type,bool)
System.Activator:CreateInstance (System.Type)
Tripolygon.UModeler.UI.ApplicationServiceCollection:.ctor (Tripolygon.UModeler.UI.Application)
Tripolygon.UModeler.UI.Application:.ctor ()
Tripolygon.UModeler.Editor.UI.UnityEditorApplication:.ctor ()
Tripolygon.UModeler.Editor.UI.UnityEditorApplication:.cctor ()
System.Runtime.CompilerServices.RuntimeHelpers:RunClassConstructor (System.RuntimeTypeHandle)
UnityEditor.EditorAssemblies:ProcessInitializeOnLoadAttributes (System.Type[])

System.NullReferenceException: Object reference not set to an instance of an object
  at Tripolygon.UModelerX.Editor.Models.UMPropertyDescriptorBackfaceMaterial.get_DefaultValuePath () [0x00014] in <891383c9341f4e38b97efcfe2445ba87>:0 
  at Tripolygon.UModeler.Editor.Models.UMPropertyDescriptorMaterial.get_DefaultValue () [0x00008] in <891383c9341f4e38b97efcfe2445ba87>:0 
  at Tripolygon.UModeler.Models.UMPropertyDescriptor.Validate () [0x00000] in <249881c1add04404a20ea65c0a27f157>:0 
  at Tripolygon.UModeler.Models.UMPropertyContext.GetPureDescriptors (System.Object obj) [0x00087] in <249881c1add04404a20ea65c0a27f157>:0 
UnityEngine.Debug:ExtractStackTraceNoAlloc (byte*,int,string)
UnityEngine.StackTraceUtility:ExtractStackTrace ()
UnityEngine.DebugLogHandler:Internal_Log (UnityEngine.LogType,UnityEngine.LogOption,string,UnityEngine.Object)
UnityEngine.DebugLogHandler:LogFormat (UnityEngine.LogType,UnityEngine.Object,string,object[])
UnityEngine.Logger:Log (UnityEngine.LogType,object)
UnityEngine.Debug:LogError (object)
Tripolygon.UModeler.Models.UMPropertyContext:GetPureDescriptors (object)
Tripolygon.UModeler.Models.UMPropertyContext:GetDescriptors (object)
Tripolygon.UModeler.Models.UMPropertyContext:.ctor (object,Tripolygon.UModeler.Models.IPropertySerializer)
Tripolygon.UModeler.Editor.UI.ApplicationSettings/<>c:<.ctor>b__0_4 (System.Type)
System.Linq.Utilities/<>c__DisplayClass2_0`3<<>f__AnonymousType0`2<System.Reflection.Assembly, System.Type>, System.Type, Tripolygon.UModeler.Models.UMPropertyContext>:<CombineSelectors>b__0 (<>f__AnonymousType0`2<System.Reflection.Assembly, System.Type>)
System.Linq.Enumerable/WhereSelectEnumerableIterator`2<<>f__AnonymousType0`2<System.Reflection.Assembly, System.Type>, Tripolygon.UModeler.Models.UMPropertyContext>:ToArray ()
System.Linq.Enumerable:ToArray<Tripolygon.UModeler.Models.UMPropertyContext> (System.Collections.Generic.IEnumerable`1<Tripolygon.UModeler.Models.UMPropertyContext>)
Tripolygon.UModeler.Editor.UI.ApplicationSettings:.ctor ()
Tripolygon.UModeler.Editor.UI.ApplicationSettingsProvider:.cctor ()
System.Reflection.RuntimeConstructorInfo:InternalInvoke (object,object[],bool)
System.RuntimeType:CreateInstanceMono (bool,bool)
System.RuntimeType:CreateInstanceSlow (bool,bool,bool,bool)
System.RuntimeType:CreateInstanceDefaultCtor (bool,bool,bool,bool,System.Threading.StackCrawlMark&)
System.Activator:CreateInstance (System.Type,bool,bool)
System.Activator:CreateInstance (System.Type,bool)
System.Activator:CreateInstance (System.Type)
Tripolygon.UModeler.UI.ApplicationServiceCollection:.ctor (Tripolygon.UModeler.UI.Application)
Tripolygon.UModeler.UI.Application:.ctor ()
Tripolygon.UModeler.Editor.UI.UnityEditorApplication:.ctor ()
Tripolygon.UModeler.Editor.UI.UnityEditorApplication:.cctor ()
System.Runtime.CompilerServices.RuntimeHelpers:RunClassConstructor (System.RuntimeTypeHandle)
UnityEditor.EditorAssemblies:ProcessInitializeOnLoadAttributes (System.Type[])

System.NullReferenceException: Object reference not set to an instance of an object
  at Tripolygon.UModelerX.Editor.Models.UMPropertyDescriptorColorPaintMaterial.get_DefaultValuePath () [0x00014] in <891383c9341f4e38b97efcfe2445ba87>:0 
  at Tripolygon.UModeler.Editor.Models.UMPropertyDescriptorMaterial.get_DefaultValue () [0x00008] in <891383c9341f4e38b97efcfe2445ba87>:0 
  at Tripolygon.UModeler.Models.UMPropertyDescriptor.Validate () [0x00000] in <249881c1add04404a20ea65c0a27f157>:0 
  at Tripolygon.UModeler.Models.UMPropertyContext.GetPureDescriptors (System.Object obj) [0x00087] in <249881c1add04404a20ea65c0a27f157>:0 
UnityEngine.Debug:ExtractStackTraceNoAlloc (byte*,int,string)
UnityEngine.StackTraceUtility:ExtractStackTrace ()
UnityEngine.DebugLogHandler:Internal_Log (UnityEngine.LogType,UnityEngine.LogOption,string,UnityEngine.Object)
UnityEngine.DebugLogHandler:LogFormat (UnityEngine.LogType,UnityEngine.Object,string,object[])
UnityEngine.Logger:Log (UnityEngine.LogType,object)
UnityEngine.Debug:LogError (object)
Tripolygon.UModeler.Models.UMPropertyContext:GetPureDescriptors (object)
Tripolygon.UModeler.Models.UMPropertyContext:GetDescriptors (object)
Tripolygon.UModeler.Models.UMPropertyContext:.ctor (object,Tripolygon.UModeler.Models.IPropertySerializer)
Tripolygon.UModeler.Editor.UI.ApplicationSettings/<>c:<.ctor>b__0_4 (System.Type)
System.Linq.Utilities/<>c__DisplayClass2_0`3<<>f__AnonymousType0`2<System.Reflection.Assembly, System.Type>, System.Type, Tripolygon.UModeler.Models.UMPropertyContext>:<CombineSelectors>b__0 (<>f__AnonymousType0`2<System.Reflection.Assembly, System.Type>)
System.Linq.Enumerable/WhereSelectEnumerableIterator`2<<>f__AnonymousType0`2<System.Reflection.Assembly, System.Type>, Tripolygon.UModeler.Models.UMPropertyContext>:ToArray ()
System.Linq.Enumerable:ToArray<Tripolygon.UModeler.Models.UMPropertyContext> (System.Collections.Generic.IEnumerable`1<Tripolygon.UModeler.Models.UMPropertyContext>)
Tripolygon.UModeler.Editor.UI.ApplicationSettings:.ctor ()
Tripolygon.UModeler.Editor.UI.ApplicationSettingsProvider:.cctor ()
System.Reflection.RuntimeConstructorInfo:InternalInvoke (object,object[],bool)
System.RuntimeType:CreateInstanceMono (bool,bool)
System.RuntimeType:CreateInstanceSlow (bool,bool,bool,bool)
System.RuntimeType:CreateInstanceDefaultCtor (bool,bool,bool,bool,System.Threading.StackCrawlMark&)
System.Activator:CreateInstance (System.Type,bool,bool)
System.Activator:CreateInstance (System.Type,bool)
System.Activator:CreateInstance (System.Type)
Tripolygon.UModeler.UI.ApplicationServiceCollection:.ctor (Tripolygon.UModeler.UI.Application)
Tripolygon.UModeler.UI.Application:.ctor ()
Tripolygon.UModeler.Editor.UI.UnityEditorApplication:.ctor ()
Tripolygon.UModeler.Editor.UI.UnityEditorApplication:.cctor ()
System.Runtime.CompilerServices.RuntimeHelpers:RunClassConstructor (System.RuntimeTypeHandle)
UnityEditor.EditorAssemblies:ProcessInitializeOnLoadAttributes (System.Type[])

System.Reflection.TargetInvocationException: Exception has been thrown by the target of an invocation. ---> System.TypeInitializationException: The type initializer for 'Tripolygon.UModelerX.Editor.Models.UMPropertyDescriptorPaintPreviewMaterial' threw an exception. ---> System.NullReferenceException: Object reference not set to an instance of an object
  at Tripolygon.UModelerX.Editor.Models.UMPropertyDescriptorPaintPreviewMaterial..cctor () [0x00014] in <891383c9341f4e38b97efcfe2445ba87>:0 
   --- End of inner exception stack trace ---
  at (wrapper managed-to-native) System.Object.__icall_wrapper_mono_gc_wbarrier_generic_nostore_internal(intptr)
  at (wrapper write-barrier) System.Object.wbarrier_conc(intptr)
  at (wrapper managed-to-native) System.Reflection.RuntimeConstructorInfo.InternalInvoke(System.Reflection.RuntimeConstructorInfo,object,object[],System.Exception&)
  at System.Reflection.RuntimeConstructorInfo.InternalInvoke (System.Object obj, System.Object[] parameters, System.Boolean wrapExceptions) [0x00005] in <1334a096378c46d2bd2be2db1a37116e>:0 
   --- End of inner exception stack trace ---
  at System.Reflection.RuntimeConstructorInfo.InternalInvoke (System.Object obj, System.Object[] parameters, System.Boolean wrapExceptions) [0x0001a] in <1334a096378c46d2bd2be2db1a37116e>:0 
  at System.Reflection.RuntimeConstructorInfo.DoInvoke (System.Object obj, System.Reflection.BindingFlags invokeAttr, System.Reflection.Binder binder, System.Object[] parameters, System.Globalization.CultureInfo culture) [0x00086] in <1334a096378c46d2bd2be2db1a37116e>:0 
  at System.Reflection.RuntimeConstructorInfo.Invoke (System.Reflection.BindingFlags invokeAttr, System.Reflection.Binder binder, System.Object[] parameters, System.Globalization.CultureInfo culture) [0x00000] in <1334a096378c46d2bd2be2db1a37116e>:0 
  at System.RuntimeType.CreateInstanceImpl (System.Reflection.BindingFlags bindingAttr, System.Reflection.Binder binder, System.Object[] args, System.Globalization.CultureInfo culture, System.Object[] activationAttributes, System.Threading.StackCrawlMark& stackMark) [0x0022b] in <1334a096378c46d2bd2be2db1a37116e>:0 
  at System.Activator.CreateInstance (System.Type type, System.Reflection.BindingFlags bindingAttr, System.Reflection.Binder binder, System.Object[] args, System.Globalization.CultureInfo culture, System.Object[] activationAttributes) [0x0009c] in <1334a096378c46d2bd2be2db1a37116e>:0 
  at System.Activator.CreateInstance (System.Type type, System.Object[] args) [0x00000] in <1334a096378c46d2bd2be2db1a37116e>:0 
  at Tripolygon.UModeler.Models.UMPropertyDescriptor.CreateDescriptor (System.Reflection.PropertyInfo propertyInfo) [0x00067] in <249881c1add04404a20ea65c0a27f157>:0 
  at Tripolygon.UModeler.Models.UMPropertyContext.GetPureDescriptors (System.Object obj) [0x0007e] in <249881c1add04404a20ea65c0a27f157>:0 
UnityEngine.Debug:ExtractStackTraceNoAlloc (byte*,int,string)
UnityEngine.StackTraceUtility:ExtractStackTrace ()
UnityEngine.DebugLogHandler:Internal_Log (UnityEngine.LogType,UnityEngine.LogOption,string,UnityEngine.Object)
UnityEngine.DebugLogHandler:LogFormat (UnityEngine.LogType,UnityEngine.Object,string,object[])
UnityEngine.Logger:Log (UnityEngine.LogType,object)
UnityEngine.Debug:LogError (object)
Tripolygon.UModeler.Models.UMPropertyContext:GetPureDescriptors (object)
Tripolygon.UModeler.Models.UMPropertyContext:GetDescriptors (object)
Tripolygon.UModeler.Models.UMPropertyContext:.ctor (object,Tripolygon.UModeler.Models.IPropertySerializer)
Tripolygon.UModeler.Editor.UI.ApplicationSettings/<>c:<.ctor>b__0_4 (System.Type)
System.Linq.Utilities/<>c__DisplayClass2_0`3<<>f__AnonymousType0`2<System.Reflection.Assembly, System.Type>, System.Type, Tripolygon.UModeler.Models.UMPropertyContext>:<CombineSelectors>b__0 (<>f__AnonymousType0`2<System.Reflection.Assembly, System.Type>)
System.Linq.Enumerable/WhereSelectEnumerableIterator`2<<>f__AnonymousType0`2<System.Reflection.Assembly, System.Type>, Tripolygon.UModeler.Models.UMPropertyContext>:ToArray ()
System.Linq.Enumerable:ToArray<Tripolygon.UModeler.Models.UMPropertyContext> (System.Collections.Generic.IEnumerable`1<Tripolygon.UModeler.Models.UMPropertyContext>)
Tripolygon.UModeler.Editor.UI.ApplicationSettings:.ctor ()
Tripolygon.UModeler.Editor.UI.ApplicationSettingsProvider:.cctor ()
System.Reflection.RuntimeConstructorInfo:InternalInvoke (object,object[],bool)
System.RuntimeType:CreateInstanceMono (bool,bool)
System.RuntimeType:CreateInstanceSlow (bool,bool,bool,bool)
System.RuntimeType:CreateInstanceDefaultCtor (bool,bool,bool,bool,System.Threading.StackCrawlMark&)
System.Activator:CreateInstance (System.Type,bool,bool)
System.Activator:CreateInstance (System.Type,bool)
System.Activator:CreateInstance (System.Type)
Tripolygon.UModeler.UI.ApplicationServiceCollection:.ctor (Tripolygon.UModeler.UI.Application)
Tripolygon.UModeler.UI.Application:.ctor ()
Tripolygon.UModeler.Editor.UI.UnityEditorApplication:.ctor ()
Tripolygon.UModeler.Editor.UI.UnityEditorApplication:.cctor ()
System.Runtime.CompilerServices.RuntimeHelpers:RunClassConstructor (System.RuntimeTypeHandle)
UnityEditor.EditorAssemblies:ProcessInitializeOnLoadAttributes (System.Type[])

Mono: successfully reloaded assembly
- Finished resetting the current domain, in  2.440 seconds
Domain Reload Profiling: 3619ms
	BeginReloadAssembly (352ms)
		ExecutionOrderSort (0ms)
		DisableScriptedObjects (8ms)
		BackupInstance (0ms)
		ReleaseScriptingObjects (0ms)
		CreateAndSetChildDomain (104ms)
	RebuildCommonClasses (63ms)
	RebuildNativeTypeToScriptingClass (25ms)
	initialDomainReloadingComplete (53ms)
	LoadAllAssembliesAndSetupDomain (685ms)
		LoadAssemblies (583ms)
		RebuildTransferFunctionScriptingTraits (0ms)
		AnalyzeDomain (265ms)
			TypeCache.Refresh (11ms)
				TypeCache.ScanAssembly (0ms)
			BuildScriptInfoCaches (244ms)
			ResolveRequiredComponents (6ms)
	FinalizeReload (2441ms)
		ReleaseScriptCaches (0ms)
		RebuildScriptCaches (0ms)
		SetupLoadedEditorAssemblies (1636ms)
			LogAssemblyErrors (0ms)
			InitializePlatformSupportModulesInManaged (5ms)
			SetLoadedEditorAssemblies (9ms)
			BeforeProcessingInitializeOnLoad (84ms)
			ProcessInitializeOnLoadAttributes (1478ms)
			ProcessInitializeOnLoadMethodAttributes (47ms)
			AfterProcessingInitializeOnLoad (13ms)
			EditorAssembliesLoaded (0ms)
		ExecutionOrderSort2 (0ms)
		AwakeInstancesAfterBackupRestoration (20ms)
Refreshing native plugins compatible for Editor in 4.28 ms, found 5 plugins.
Preloading 0 native plugins for Editor in 0.00 ms.
Unloading 5 Unused Serialized files (Serialized files now loaded: 0)
Unloading 3231 unused Assets / (1.4 MB). Loaded Objects now: 3888.
Memory consumption went from 137.3 MB to 135.9 MB.
Total: 19.892600 ms (FindLiveObjects: 1.153800 ms CreateObjectMapping: 0.913800 ms MarkObjects: 15.595200 ms  DeleteObjects: 2.226700 ms)

Prepare: number of updated asset objects reloaded= 0
